[2023-05-27 16:13:24] [INFO] 书名：逆天邪神 作者：无敌贱客 url:https://www.ibiquges.com/41/41444/
[2023-05-27 16:13:24] [INFO] 书名：校园风流邪神 作者：陨落星辰 url:https://www.ibiquges.com/11/11602/
[2023-05-27 16:13:24] [INFO] 书名：绝世邪神 作者：纯情犀利哥 url:https://www.ibiquges.com/0/7/
[2023-05-27 16:13:24] [INFO] 书名：天才高手在都市 作者：冷云邪神 url:https://www.ibiquges.com/9/9124/
[2023-05-27 16:13:24] [INFO] 书名：邪神传说 作者：云天空 url:https://www.ibiquges.com/12/12410/
[2023-05-27 16:13:24] [INFO] 书名：逆天邪神 作者：火星引力 url:https://www.ibiquges.com/0/125/
[2023-05-27 16:13:25] [INFO] 书名：我被迫挖了邪神的墙角 作者：懒鸟 url:https://www.ibiquges.com/85/85551/
[2023-05-27 16:13:25] [INFO] 书名：穿越诸天当邪神 作者：钦定 url:https://www.ibiquges.com/15/15603/
[2023-05-27 16:13:25] [INFO] 书名：邪神竟是我自己！ 作者：吴杰超 url:https://www.ibiquges.com/99/99003/
[2023-05-27 16:13:25] [INFO] 书名：不死邪神 作者：风狂笑 url:https://www.ibiquges.com/36/36458/
[2023-05-27 16:13:25] [INFO] 书名：无限世界里的邪神 作者：云天星河 url:https://www.ibiquges.com/16/16218/
[2023-05-27 16:13:25] [INFO] 书名：至尊邪神 作者：老黑 url:https://www.ibiquges.com/4/4322/
[2023-05-27 16:13:25] [INFO] 书名：绝世邪神 作者：风狂笑 url:https://www.ibiquges.com/21/21475/
[2023-05-27 16:13:25] [INFO] 书名：重生成邪神雕像 作者：石竹卧青山 url:https://www.ibiquges.com/93/93860/
[2023-05-27 16:13:25] [INFO] 书名：请叫我邪神大人 作者：剑上独觉 url:https://www.ibiquges.com/14/14926/
[2023-05-27 16:13:25] [INFO] 书名：逆天邪神宫斗同人 作者：明幻神夜 url:https://www.ibiquges.com/58/58975/
[2023-05-27 16:13:25] [INFO] 书名：网游之禁区邪神 作者：一夜狂醉 url:https://www.ibiquges.com/19/19417/
[2023-05-27 16:13:25] [INFO] 书名：邪神旌旗 作者：楚白(书坊) url:https://www.ibiquges.com/8/8425/
[2023-05-27 16:13:25] [INFO] 书名：从菜刀到邪神 作者：流浪月光 url:https://www.ibiquges.com/73/73788/
[2023-05-27 16:13:25] [INFO] 书名：诡异入侵：我在人间镇压邪神 作者：神级玩家 url:https://www.ibiquges.com/95/95806/
[2023-05-27 16:13:25] [INFO] 书名：败家神豪 作者：邪神洛基 url:https://www.ibiquges.com/14/14408/
[2023-05-27 16:13:25] [INFO] 书名：被献祭后我亵渎了邪神 作者：本宫微胖 url:https://www.ibiquges.com/87/87473/
[2023-05-27 16:13:25] [INFO] 书名：开局邪神人偶，我有的选吗 作者：流御行 url:https://www.ibiquges.com/85/85516/
[2023-05-27 16:13:25] [INFO] 书名：混在邪神聊天群的光 作者：一点罗汉 url:https://www.ibiquges.com/81/81507/
[2023-05-27 16:13:25] [INFO] 书名：对话邪神：开局成为天尊信徒 作者：月入寒渊 url:https://www.ibiquges.com/103/103748/
[2023-05-27 16:13:25] [INFO] 书名：邪神江湖 作者：阇璃皓 url:https://www.ibiquges.com/106/106703/
[2023-05-27 16:13:25] [INFO] 书名：我真不是旧日邪神 作者：零点一分 url:https://www.ibiquges.com/76/76330/
[2023-05-27 16:13:25] [INFO] 书名：网游之邪神逆天 作者：落叶仙 url:https://www.ibiquges.com/8/8354/
[2023-05-27 16:13:25] [INFO] 书名：不死邪神 作者：师傅 url:https://www.ibiquges.com/34/34693/
[2023-05-27 16:13:25] [INFO] 书名：不可名状的邪神 作者：虚无会首 url:https://www.ibiquges.com/51/51418/
[2023-05-27 16:13:25] [INFO] 书名：傲世邪神 作者：剑痴酒徒 url:https://www.ibiquges.com/61/61012/
[2023-05-27 16:13:25] [INFO] 书名：美漫里的小邪神 作者：千年杀1 url:https://www.ibiquges.com/30/30850/
[2023-05-27 16:13:25] [INFO] 书名：焚天邪神 作者：安七夜 url:https://www.ibiquges.com/12/12139/
[2023-05-27 16:13:25] [INFO] 书名：奥特曼：开局我变成邪神加坦杰厄 作者：少豆东茄机 url:https://www.ibiquges.com/77/77160/
[2023-05-27 16:13:25] [INFO] 书名：邪神帝尊 作者：胡儿不荼 url:https://www.ibiquges.com/74/74162/
[2023-05-27 16:13:25] [INFO] 书名：邪神 作者：跑盘 url:https://www.ibiquges.com/13/13355/
[2023-05-27 16:13:25] [INFO] 书名：我，东京邪神，克图格亚 作者：白影乌鸦 url:https://www.ibiquges.com/74/74283/
[2023-05-27 16:13:25] [INFO] 书名：我真不是邪神啊 作者：芥湖泊舟 url:https://www.ibiquges.com/74/74730/
[2023-05-27 16:13:25] [INFO] 书名：万界最强融合系统 作者：邪神.逆天 url:https://www.ibiquges.com/31/31012/
[2023-05-27 16:13:25] [INFO] 书名：都市之天眼邪神 作者：龙水源 url:https://www.ibiquges.com/98/98951/
[2023-05-27 16:13:25] [INFO] 书名：穿越逆天邪神：凤逆九霄 作者：浅月莺歌 url:https://www.ibiquges.com/65/65216/
[2023-05-27 16:13:25] [INFO] 书名：我的御兽真不是邪神 作者：晨色暮鸦 url:https://www.ibiquges.com/114/114638/
[2023-05-27 16:13:25] [INFO] 书名：逆天邪神假想番外 作者：不可无可不 url:https://www.ibiquges.com/64/64811/
[2023-05-27 16:13:25] [INFO] 书名：绝世大邪神 作者：琉璃明镜 url:https://www.ibiquges.com/5/5709/
[2023-05-27 16:13:25] [INFO] 书名：傲天邪神 作者：贪火燎原 url:https://www.ibiquges.com/3/3062/
[2023-05-27 16:13:25] [INFO] 书名：邪神狂兵 作者：沧海残阳 url:https://www.ibiquges.com/25/25358/
[2023-05-27 16:13:25] [INFO] 书名：天衍邪神 作者：一叶逢春 url:https://www.ibiquges.com/51/51565/
[2023-05-27 16:13:25] [INFO] 书名：漫威：我真的不是邪神啊！ 作者：Pray芙蕾雅 url:https://www.ibiquges.com/97/97037/
[2023-05-27 16:13:25] [INFO] 书名：霸天邪神 作者：量子弦 url:https://www.ibiquges.com/2/2284/
[2023-05-27 16:13:25] [INFO] 书名：邪神降临 作者：血夜独狼 url:https://www.ibiquges.com/13/13479/
[2023-05-27 16:13:25] [INFO] 书名：邪神之从心篇 作者：雨后的天青色 url:https://www.ibiquges.com/24/24791/
[2023-05-27 16:13:25] [INFO] 书名：原来是邪神大人 作者：散人云岚 url:https://www.ibiquges.com/66/66999/
[2023-05-27 16:13:25] [INFO] 书名：科技邪神 作者：东海猪妖 url:https://www.ibiquges.com/15/15482/
[2023-05-27 16:13:25] [INFO] 书名：我成了邪神的祭品 作者：暗夜拾荒 url:https://www.ibiquges.com/89/89488/
[2023-05-27 16:13:25] [INFO] 书名：万妖诛天当邪神 作者：师傅泡的茶 url:https://www.ibiquges.com/30/30575/
[2023-05-27 16:13:25] [INFO] 书名：极道天子记 作者：皓月邪神 url:https://www.ibiquges.com/12/12226/
[2023-05-27 16:13:25] [INFO] 书名：至尊邪神 作者：老黑. url:https://www.ibiquges.com/58/58215/
[2023-05-27 16:13:25] [INFO] 书名：网游之破天邪神 作者：天然的山石 url:https://www.ibiquges.com/55/55710/
[2023-05-27 16:13:25] [INFO] 书名：邪神末世录 作者：满怒斩杀 url:https://www.ibiquges.com/42/42959/
[2023-05-27 16:13:25] [INFO] 书名：邪神战剑 作者：北十三刀 url:https://www.ibiquges.com/1/1790/
[2023-05-27 16:13:25] [INFO] 书名：邪神，你家奶茶到了！ 作者：卟念. url:https://www.ibiquges.com/32/32697/
[2023-05-27 16:13:25] [INFO] 书名：斗罗：从暗魔邪神虎开始 作者：明朝七公子 url:https://www.ibiquges.com/112/112741/
[2023-05-27 16:13:25] [INFO] 书名：邪神酱的星期一 作者：百炼成殇 url:https://www.ibiquges.com/90/90666/
[2023-05-27 16:13:25] [INFO] 书名：邪神盛宠：逆天绝色七小姐 作者：夕憬 url:https://www.ibiquges.com/19/19265/
[2023-05-27 16:13:25] [INFO] 书名：最狂邪神 作者：白字 url:https://www.ibiquges.com/91/91624/
[2023-05-27 16:13:25] [INFO] 书名：末日邪神审判者 作者：一个平凡的枫子 url:https://www.ibiquges.com/101/101947/
[2023-05-27 16:13:25] [INFO] 书名：无始邪神 作者：旧时风云 url:https://www.ibiquges.com/24/24825/
[2023-05-27 16:13:25] [INFO] 书名：逆天邪神：至尊七小姐 作者：七少有鱼 url:https://www.ibiquges.com/53/53335/
[2023-05-27 16:13:25] [INFO] 书名：邪神的后宫才怪 作者：宅霸天下 url:https://www.ibiquges.com/12/12257/
[2023-05-27 16:13:25] [INFO] 书名：重生之九幽邪神 作者：东邪大大 url:https://www.ibiquges.com/32/32212/
[2023-05-27 16:13:25] [INFO] 书名：不想当邪神可以拒绝吗 作者：南国月三更 url:https://www.ibiquges.com/99/99148/
[2023-05-27 16:13:25] [INFO] 书名：恶灵神探 作者：火云邪神 url:https://www.ibiquges.com/21/21771/
[2023-05-27 16:13:25] [INFO] 书名：剑道第一邪神 作者：轩墨丹心 url:https://www.ibiquges.com/108/108267/
[2023-05-27 16:13:25] [INFO] 书名：冒牌邪神 作者：云海奔雷 url:https://www.ibiquges.com/105/105943/
[2023-05-27 16:13:25] [INFO] 书名：逆武邪神 作者：浪中仙 url:https://www.ibiquges.com/81/81609/
[2023-05-27 16:13:25] [INFO] 书名：成为邪神从贯彻正义开始 作者：欲穷无目 url:https://www.ibiquges.com/102/102702/
[2023-05-27 16:13:25] [INFO] 书名：陆家暗影异界邪神 作者：黄昏启明星 url:https://www.ibiquges.com/79/79619/
[2023-05-27 16:13:25] [INFO] 书名：超体邪神 作者：落青丹 url:https://www.ibiquges.com/82/82406/
[2023-05-27 16:13:25] [INFO] 书名：重生成为邪神的候选人 作者：云封土 url:https://www.ibiquges.com/81/81246/
[2023-05-27 16:13:25] [INFO] 书名：与人外邪神恋爱后 作者：殷桃桃子y url:https://www.ibiquges.com/115/115780/
[2023-05-27 16:13:25] [INFO] 书名：五行邪神 作者：最爱甜芒果 url:https://www.ibiquges.com/80/80317/
[2023-05-27 16:13:25] [INFO] 书名：邪神竟是我 作者：宁夜空 url:https://www.ibiquges.com/116/116198/
[2023-05-27 16:13:25] [INFO] 书名：误穿邪神见闻录 作者：暮居 url:https://www.ibiquges.com/92/92569/
[2023-05-27 16:13:25] [INFO] 书名：狂傲邪神天才妃 作者：天下青歌 url:https://www.ibiquges.com/113/113420/
[2023-05-27 16:14:16] [INFO] 书名：逆天邪神 作者：无敌贱客 url:https://www.ibiquges.com/41/41444/
[2023-05-27 16:14:16] [INFO] 书名：校园风流邪神 作者：陨落星辰 url:https://www.ibiquges.com/11/11602/
[2023-05-27 16:14:16] [INFO] 书名：绝世邪神 作者：纯情犀利哥 url:https://www.ibiquges.com/0/7/
[2023-05-27 16:14:16] [INFO] 书名：天才高手在都市 作者：冷云邪神 url:https://www.ibiquges.com/9/9124/
[2023-05-27 16:14:16] [INFO] 书名：邪神传说 作者：云天空 url:https://www.ibiquges.com/12/12410/
[2023-05-27 16:14:16] [INFO] 书名：逆天邪神 作者：火星引力 url:https://www.ibiquges.com/0/125/
[2023-05-27 16:14:16] [INFO] 书名：我被迫挖了邪神的墙角 作者：懒鸟 url:https://www.ibiquges.com/85/85551/
[2023-05-27 16:14:16] [INFO] 书名：穿越诸天当邪神 作者：钦定 url:https://www.ibiquges.com/15/15603/
[2023-05-27 16:14:16] [INFO] 书名：邪神竟是我自己！ 作者：吴杰超 url:https://www.ibiquges.com/99/99003/
[2023-05-27 16:14:16] [INFO] 书名：不死邪神 作者：风狂笑 url:https://www.ibiquges.com/36/36458/
[2023-05-27 16:14:16] [INFO] 书名：无限世界里的邪神 作者：云天星河 url:https://www.ibiquges.com/16/16218/
[2023-05-27 16:14:16] [INFO] 书名：至尊邪神 作者：老黑 url:https://www.ibiquges.com/4/4322/
[2023-05-27 16:14:16] [INFO] 书名：绝世邪神 作者：风狂笑 url:https://www.ibiquges.com/21/21475/
[2023-05-27 16:14:16] [INFO] 书名：重生成邪神雕像 作者：石竹卧青山 url:https://www.ibiquges.com/93/93860/
[2023-05-27 16:14:16] [INFO] 书名：请叫我邪神大人 作者：剑上独觉 url:https://www.ibiquges.com/14/14926/
[2023-05-27 16:14:16] [INFO] 书名：逆天邪神宫斗同人 作者：明幻神夜 url:https://www.ibiquges.com/58/58975/
[2023-05-27 16:14:16] [INFO] 书名：网游之禁区邪神 作者：一夜狂醉 url:https://www.ibiquges.com/19/19417/
[2023-05-27 16:14:16] [INFO] 书名：邪神旌旗 作者：楚白(书坊) url:https://www.ibiquges.com/8/8425/
[2023-05-27 16:14:16] [INFO] 书名：从菜刀到邪神 作者：流浪月光 url:https://www.ibiquges.com/73/73788/
[2023-05-27 16:14:16] [INFO] 书名：诡异入侵：我在人间镇压邪神 作者：神级玩家 url:https://www.ibiquges.com/95/95806/
[2023-05-27 16:14:16] [INFO] 书名：败家神豪 作者：邪神洛基 url:https://www.ibiquges.com/14/14408/
[2023-05-27 16:14:16] [INFO] 书名：被献祭后我亵渎了邪神 作者：本宫微胖 url:https://www.ibiquges.com/87/87473/
[2023-05-27 16:14:16] [INFO] 书名：开局邪神人偶，我有的选吗 作者：流御行 url:https://www.ibiquges.com/85/85516/
[2023-05-27 16:14:16] [INFO] 书名：混在邪神聊天群的光 作者：一点罗汉 url:https://www.ibiquges.com/81/81507/
[2023-05-27 16:14:16] [INFO] 书名：对话邪神：开局成为天尊信徒 作者：月入寒渊 url:https://www.ibiquges.com/103/103748/
[2023-05-27 16:14:16] [INFO] 书名：邪神江湖 作者：阇璃皓 url:https://www.ibiquges.com/106/106703/
[2023-05-27 16:14:16] [INFO] 书名：我真不是旧日邪神 作者：零点一分 url:https://www.ibiquges.com/76/76330/
[2023-05-27 16:14:16] [INFO] 书名：网游之邪神逆天 作者：落叶仙 url:https://www.ibiquges.com/8/8354/
[2023-05-27 16:14:16] [INFO] 书名：不死邪神 作者：师傅 url:https://www.ibiquges.com/34/34693/
[2023-05-27 16:14:16] [INFO] 书名：不可名状的邪神 作者：虚无会首 url:https://www.ibiquges.com/51/51418/
[2023-05-27 16:14:16] [INFO] 书名：傲世邪神 作者：剑痴酒徒 url:https://www.ibiquges.com/61/61012/
[2023-05-27 16:14:16] [INFO] 书名：美漫里的小邪神 作者：千年杀1 url:https://www.ibiquges.com/30/30850/
[2023-05-27 16:14:16] [INFO] 书名：焚天邪神 作者：安七夜 url:https://www.ibiquges.com/12/12139/
[2023-05-27 16:14:16] [INFO] 书名：奥特曼：开局我变成邪神加坦杰厄 作者：少豆东茄机 url:https://www.ibiquges.com/77/77160/
[2023-05-27 16:14:16] [INFO] 书名：邪神帝尊 作者：胡儿不荼 url:https://www.ibiquges.com/74/74162/
[2023-05-27 16:14:16] [INFO] 书名：邪神 作者：跑盘 url:https://www.ibiquges.com/13/13355/
[2023-05-27 16:14:16] [INFO] 书名：我，东京邪神，克图格亚 作者：白影乌鸦 url:https://www.ibiquges.com/74/74283/
[2023-05-27 16:14:16] [INFO] 书名：我真不是邪神啊 作者：芥湖泊舟 url:https://www.ibiquges.com/74/74730/
[2023-05-27 16:14:16] [INFO] 书名：万界最强融合系统 作者：邪神.逆天 url:https://www.ibiquges.com/31/31012/
[2023-05-27 16:14:16] [INFO] 书名：都市之天眼邪神 作者：龙水源 url:https://www.ibiquges.com/98/98951/
[2023-05-27 16:14:16] [INFO] 书名：穿越逆天邪神：凤逆九霄 作者：浅月莺歌 url:https://www.ibiquges.com/65/65216/
[2023-05-27 16:14:16] [INFO] 书名：我的御兽真不是邪神 作者：晨色暮鸦 url:https://www.ibiquges.com/114/114638/
[2023-05-27 16:14:16] [INFO] 书名：逆天邪神假想番外 作者：不可无可不 url:https://www.ibiquges.com/64/64811/
[2023-05-27 16:14:16] [INFO] 书名：绝世大邪神 作者：琉璃明镜 url:https://www.ibiquges.com/5/5709/
[2023-05-27 16:14:16] [INFO] 书名：傲天邪神 作者：贪火燎原 url:https://www.ibiquges.com/3/3062/
[2023-05-27 16:14:16] [INFO] 书名：邪神狂兵 作者：沧海残阳 url:https://www.ibiquges.com/25/25358/
[2023-05-27 16:14:16] [INFO] 书名：天衍邪神 作者：一叶逢春 url:https://www.ibiquges.com/51/51565/
[2023-05-27 16:14:16] [INFO] 书名：漫威：我真的不是邪神啊！ 作者：Pray芙蕾雅 url:https://www.ibiquges.com/97/97037/
[2023-05-27 16:14:16] [INFO] 书名：霸天邪神 作者：量子弦 url:https://www.ibiquges.com/2/2284/
[2023-05-27 16:14:16] [INFO] 书名：邪神降临 作者：血夜独狼 url:https://www.ibiquges.com/13/13479/
[2023-05-27 16:14:16] [INFO] 书名：邪神之从心篇 作者：雨后的天青色 url:https://www.ibiquges.com/24/24791/
[2023-05-27 16:14:16] [INFO] 书名：原来是邪神大人 作者：散人云岚 url:https://www.ibiquges.com/66/66999/
[2023-05-27 16:14:16] [INFO] 书名：科技邪神 作者：东海猪妖 url:https://www.ibiquges.com/15/15482/
[2023-05-27 16:14:16] [INFO] 书名：我成了邪神的祭品 作者：暗夜拾荒 url:https://www.ibiquges.com/89/89488/
[2023-05-27 16:14:16] [INFO] 书名：万妖诛天当邪神 作者：师傅泡的茶 url:https://www.ibiquges.com/30/30575/
[2023-05-27 16:14:16] [INFO] 书名：极道天子记 作者：皓月邪神 url:https://www.ibiquges.com/12/12226/
[2023-05-27 16:14:16] [INFO] 书名：至尊邪神 作者：老黑. url:https://www.ibiquges.com/58/58215/
[2023-05-27 16:14:16] [INFO] 书名：网游之破天邪神 作者：天然的山石 url:https://www.ibiquges.com/55/55710/
[2023-05-27 16:14:16] [INFO] 书名：邪神末世录 作者：满怒斩杀 url:https://www.ibiquges.com/42/42959/
[2023-05-27 16:14:16] [INFO] 书名：邪神战剑 作者：北十三刀 url:https://www.ibiquges.com/1/1790/
[2023-05-27 16:14:16] [INFO] 书名：邪神，你家奶茶到了！ 作者：卟念. url:https://www.ibiquges.com/32/32697/
[2023-05-27 16:14:16] [INFO] 书名：斗罗：从暗魔邪神虎开始 作者：明朝七公子 url:https://www.ibiquges.com/112/112741/
[2023-05-27 16:14:16] [INFO] 书名：邪神酱的星期一 作者：百炼成殇 url:https://www.ibiquges.com/90/90666/
[2023-05-27 16:14:16] [INFO] 书名：邪神盛宠：逆天绝色七小姐 作者：夕憬 url:https://www.ibiquges.com/19/19265/
[2023-05-27 16:14:16] [INFO] 书名：最狂邪神 作者：白字 url:https://www.ibiquges.com/91/91624/
[2023-05-27 16:14:16] [INFO] 书名：末日邪神审判者 作者：一个平凡的枫子 url:https://www.ibiquges.com/101/101947/
[2023-05-27 16:14:16] [INFO] 书名：无始邪神 作者：旧时风云 url:https://www.ibiquges.com/24/24825/
[2023-05-27 16:14:16] [INFO] 书名：逆天邪神：至尊七小姐 作者：七少有鱼 url:https://www.ibiquges.com/53/53335/
[2023-05-27 16:14:16] [INFO] 书名：邪神的后宫才怪 作者：宅霸天下 url:https://www.ibiquges.com/12/12257/
[2023-05-27 16:14:16] [INFO] 书名：重生之九幽邪神 作者：东邪大大 url:https://www.ibiquges.com/32/32212/
[2023-05-27 16:14:16] [INFO] 书名：不想当邪神可以拒绝吗 作者：南国月三更 url:https://www.ibiquges.com/99/99148/
[2023-05-27 16:14:16] [INFO] 书名：恶灵神探 作者：火云邪神 url:https://www.ibiquges.com/21/21771/
[2023-05-27 16:14:16] [INFO] 书名：剑道第一邪神 作者：轩墨丹心 url:https://www.ibiquges.com/108/108267/
[2023-05-27 16:14:16] [INFO] 书名：冒牌邪神 作者：云海奔雷 url:https://www.ibiquges.com/105/105943/
[2023-05-27 16:14:16] [INFO] 书名：逆武邪神 作者：浪中仙 url:https://www.ibiquges.com/81/81609/
[2023-05-27 16:14:16] [INFO] 书名：成为邪神从贯彻正义开始 作者：欲穷无目 url:https://www.ibiquges.com/102/102702/
[2023-05-27 16:14:16] [INFO] 书名：陆家暗影异界邪神 作者：黄昏启明星 url:https://www.ibiquges.com/79/79619/
[2023-05-27 16:14:16] [INFO] 书名：超体邪神 作者：落青丹 url:https://www.ibiquges.com/82/82406/
[2023-05-27 16:14:16] [INFO] 书名：重生成为邪神的候选人 作者：云封土 url:https://www.ibiquges.com/81/81246/
[2023-05-27 16:14:16] [INFO] 书名：与人外邪神恋爱后 作者：殷桃桃子y url:https://www.ibiquges.com/115/115780/
[2023-05-27 16:14:16] [INFO] 书名：五行邪神 作者：最爱甜芒果 url:https://www.ibiquges.com/80/80317/
[2023-05-27 16:14:16] [INFO] 书名：邪神竟是我 作者：宁夜空 url:https://www.ibiquges.com/116/116198/
[2023-05-27 16:14:16] [INFO] 书名：误穿邪神见闻录 作者：暮居 url:https://www.ibiquges.com/92/92569/
[2023-05-27 16:14:16] [INFO] 书名：狂傲邪神天才妃 作者：天下青歌 url:https://www.ibiquges.com/113/113420/
[2023-05-27 16:15:25] [INFO] 书名：逆天邪神 作者：无敌贱客 url:https://www.ibiquges.com/41/41444/
[2023-05-27 16:15:25] [INFO] 书名：校园风流邪神 作者：陨落星辰 url:https://www.ibiquges.com/11/11602/
[2023-05-27 16:15:25] [INFO] 书名：绝世邪神 作者：纯情犀利哥 url:https://www.ibiquges.com/0/7/
[2023-05-27 16:15:25] [INFO] 书名：天才高手在都市 作者：冷云邪神 url:https://www.ibiquges.com/9/9124/
[2023-05-27 16:15:25] [INFO] 书名：邪神传说 作者：云天空 url:https://www.ibiquges.com/12/12410/
[2023-05-27 16:15:25] [INFO] 书名：逆天邪神 作者：火星引力 url:https://www.ibiquges.com/0/125/
[2023-05-27 16:15:25] [INFO] 书名：我被迫挖了邪神的墙角 作者：懒鸟 url:https://www.ibiquges.com/85/85551/
[2023-05-27 16:15:25] [INFO] 书名：穿越诸天当邪神 作者：钦定 url:https://www.ibiquges.com/15/15603/
[2023-05-27 16:15:25] [INFO] 书名：邪神竟是我自己！ 作者：吴杰超 url:https://www.ibiquges.com/99/99003/
[2023-05-27 16:15:25] [INFO] 书名：不死邪神 作者：风狂笑 url:https://www.ibiquges.com/36/36458/
[2023-05-27 16:15:25] [INFO] 书名：无限世界里的邪神 作者：云天星河 url:https://www.ibiquges.com/16/16218/
[2023-05-27 16:15:25] [INFO] 书名：至尊邪神 作者：老黑 url:https://www.ibiquges.com/4/4322/
[2023-05-27 16:15:25] [INFO] 书名：绝世邪神 作者：风狂笑 url:https://www.ibiquges.com/21/21475/
[2023-05-27 16:15:25] [INFO] 书名：重生成邪神雕像 作者：石竹卧青山 url:https://www.ibiquges.com/93/93860/
[2023-05-27 16:15:25] [INFO] 书名：请叫我邪神大人 作者：剑上独觉 url:https://www.ibiquges.com/14/14926/
[2023-05-27 16:15:25] [INFO] 书名：逆天邪神宫斗同人 作者：明幻神夜 url:https://www.ibiquges.com/58/58975/
[2023-05-27 16:15:25] [INFO] 书名：网游之禁区邪神 作者：一夜狂醉 url:https://www.ibiquges.com/19/19417/
[2023-05-27 16:15:25] [INFO] 书名：邪神旌旗 作者：楚白(书坊) url:https://www.ibiquges.com/8/8425/
[2023-05-27 16:15:25] [INFO] 书名：从菜刀到邪神 作者：流浪月光 url:https://www.ibiquges.com/73/73788/
[2023-05-27 16:15:25] [INFO] 书名：诡异入侵：我在人间镇压邪神 作者：神级玩家 url:https://www.ibiquges.com/95/95806/
[2023-05-27 16:15:25] [INFO] 书名：败家神豪 作者：邪神洛基 url:https://www.ibiquges.com/14/14408/
[2023-05-27 16:15:25] [INFO] 书名：被献祭后我亵渎了邪神 作者：本宫微胖 url:https://www.ibiquges.com/87/87473/
[2023-05-27 16:15:25] [INFO] 书名：开局邪神人偶，我有的选吗 作者：流御行 url:https://www.ibiquges.com/85/85516/
[2023-05-27 16:15:25] [INFO] 书名：混在邪神聊天群的光 作者：一点罗汉 url:https://www.ibiquges.com/81/81507/
[2023-05-27 16:15:25] [INFO] 书名：对话邪神：开局成为天尊信徒 作者：月入寒渊 url:https://www.ibiquges.com/103/103748/
[2023-05-27 16:15:25] [INFO] 书名：邪神江湖 作者：阇璃皓 url:https://www.ibiquges.com/106/106703/
[2023-05-27 16:15:25] [INFO] 书名：我真不是旧日邪神 作者：零点一分 url:https://www.ibiquges.com/76/76330/
[2023-05-27 16:15:25] [INFO] 书名：网游之邪神逆天 作者：落叶仙 url:https://www.ibiquges.com/8/8354/
[2023-05-27 16:15:25] [INFO] 书名：不死邪神 作者：师傅 url:https://www.ibiquges.com/34/34693/
[2023-05-27 16:15:25] [INFO] 书名：不可名状的邪神 作者：虚无会首 url:https://www.ibiquges.com/51/51418/
[2023-05-27 16:15:25] [INFO] 书名：傲世邪神 作者：剑痴酒徒 url:https://www.ibiquges.com/61/61012/
[2023-05-27 16:15:25] [INFO] 书名：美漫里的小邪神 作者：千年杀1 url:https://www.ibiquges.com/30/30850/
[2023-05-27 16:15:25] [INFO] 书名：焚天邪神 作者：安七夜 url:https://www.ibiquges.com/12/12139/
[2023-05-27 16:15:25] [INFO] 书名：奥特曼：开局我变成邪神加坦杰厄 作者：少豆东茄机 url:https://www.ibiquges.com/77/77160/
[2023-05-27 16:15:25] [INFO] 书名：邪神帝尊 作者：胡儿不荼 url:https://www.ibiquges.com/74/74162/
[2023-05-27 16:15:25] [INFO] 书名：邪神 作者：跑盘 url:https://www.ibiquges.com/13/13355/
[2023-05-27 16:15:25] [INFO] 书名：我，东京邪神，克图格亚 作者：白影乌鸦 url:https://www.ibiquges.com/74/74283/
[2023-05-27 16:15:25] [INFO] 书名：我真不是邪神啊 作者：芥湖泊舟 url:https://www.ibiquges.com/74/74730/
[2023-05-27 16:15:25] [INFO] 书名：万界最强融合系统 作者：邪神.逆天 url:https://www.ibiquges.com/31/31012/
[2023-05-27 16:15:25] [INFO] 书名：都市之天眼邪神 作者：龙水源 url:https://www.ibiquges.com/98/98951/
[2023-05-27 16:15:25] [INFO] 书名：穿越逆天邪神：凤逆九霄 作者：浅月莺歌 url:https://www.ibiquges.com/65/65216/
[2023-05-27 16:15:25] [INFO] 书名：我的御兽真不是邪神 作者：晨色暮鸦 url:https://www.ibiquges.com/114/114638/
[2023-05-27 16:15:25] [INFO] 书名：逆天邪神假想番外 作者：不可无可不 url:https://www.ibiquges.com/64/64811/
[2023-05-27 16:15:25] [INFO] 书名：绝世大邪神 作者：琉璃明镜 url:https://www.ibiquges.com/5/5709/
[2023-05-27 16:15:25] [INFO] 书名：傲天邪神 作者：贪火燎原 url:https://www.ibiquges.com/3/3062/
[2023-05-27 16:15:25] [INFO] 书名：邪神狂兵 作者：沧海残阳 url:https://www.ibiquges.com/25/25358/
[2023-05-27 16:15:25] [INFO] 书名：天衍邪神 作者：一叶逢春 url:https://www.ibiquges.com/51/51565/
[2023-05-27 16:15:25] [INFO] 书名：漫威：我真的不是邪神啊！ 作者：Pray芙蕾雅 url:https://www.ibiquges.com/97/97037/
[2023-05-27 16:15:25] [INFO] 书名：霸天邪神 作者：量子弦 url:https://www.ibiquges.com/2/2284/
[2023-05-27 16:15:25] [INFO] 书名：邪神降临 作者：血夜独狼 url:https://www.ibiquges.com/13/13479/
[2023-05-27 16:15:25] [INFO] 书名：邪神之从心篇 作者：雨后的天青色 url:https://www.ibiquges.com/24/24791/
[2023-05-27 16:15:25] [INFO] 书名：原来是邪神大人 作者：散人云岚 url:https://www.ibiquges.com/66/66999/
[2023-05-27 16:15:25] [INFO] 书名：科技邪神 作者：东海猪妖 url:https://www.ibiquges.com/15/15482/
[2023-05-27 16:15:25] [INFO] 书名：我成了邪神的祭品 作者：暗夜拾荒 url:https://www.ibiquges.com/89/89488/
[2023-05-27 16:15:25] [INFO] 书名：万妖诛天当邪神 作者：师傅泡的茶 url:https://www.ibiquges.com/30/30575/
[2023-05-27 16:15:25] [INFO] 书名：极道天子记 作者：皓月邪神 url:https://www.ibiquges.com/12/12226/
[2023-05-27 16:15:25] [INFO] 书名：至尊邪神 作者：老黑. url:https://www.ibiquges.com/58/58215/
[2023-05-27 16:15:25] [INFO] 书名：网游之破天邪神 作者：天然的山石 url:https://www.ibiquges.com/55/55710/
[2023-05-27 16:15:25] [INFO] 书名：邪神末世录 作者：满怒斩杀 url:https://www.ibiquges.com/42/42959/
[2023-05-27 16:15:25] [INFO] 书名：邪神战剑 作者：北十三刀 url:https://www.ibiquges.com/1/1790/
[2023-05-27 16:15:25] [INFO] 书名：邪神，你家奶茶到了！ 作者：卟念. url:https://www.ibiquges.com/32/32697/
[2023-05-27 16:15:25] [INFO] 书名：斗罗：从暗魔邪神虎开始 作者：明朝七公子 url:https://www.ibiquges.com/112/112741/
[2023-05-27 16:15:25] [INFO] 书名：邪神酱的星期一 作者：百炼成殇 url:https://www.ibiquges.com/90/90666/
[2023-05-27 16:15:25] [INFO] 书名：邪神盛宠：逆天绝色七小姐 作者：夕憬 url:https://www.ibiquges.com/19/19265/
[2023-05-27 16:15:25] [INFO] 书名：最狂邪神 作者：白字 url:https://www.ibiquges.com/91/91624/
[2023-05-27 16:15:25] [INFO] 书名：末日邪神审判者 作者：一个平凡的枫子 url:https://www.ibiquges.com/101/101947/
[2023-05-27 16:15:25] [INFO] 书名：无始邪神 作者：旧时风云 url:https://www.ibiquges.com/24/24825/
[2023-05-27 16:15:25] [INFO] 书名：逆天邪神：至尊七小姐 作者：七少有鱼 url:https://www.ibiquges.com/53/53335/
[2023-05-27 16:15:25] [INFO] 书名：邪神的后宫才怪 作者：宅霸天下 url:https://www.ibiquges.com/12/12257/
[2023-05-27 16:15:25] [INFO] 书名：重生之九幽邪神 作者：东邪大大 url:https://www.ibiquges.com/32/32212/
[2023-05-27 16:15:25] [INFO] 书名：不想当邪神可以拒绝吗 作者：南国月三更 url:https://www.ibiquges.com/99/99148/
[2023-05-27 16:15:25] [INFO] 书名：恶灵神探 作者：火云邪神 url:https://www.ibiquges.com/21/21771/
[2023-05-27 16:15:25] [INFO] 书名：剑道第一邪神 作者：轩墨丹心 url:https://www.ibiquges.com/108/108267/
[2023-05-27 16:15:25] [INFO] 书名：冒牌邪神 作者：云海奔雷 url:https://www.ibiquges.com/105/105943/
[2023-05-27 16:15:25] [INFO] 书名：逆武邪神 作者：浪中仙 url:https://www.ibiquges.com/81/81609/
[2023-05-27 16:15:25] [INFO] 书名：成为邪神从贯彻正义开始 作者：欲穷无目 url:https://www.ibiquges.com/102/102702/
[2023-05-27 16:15:25] [INFO] 书名：陆家暗影异界邪神 作者：黄昏启明星 url:https://www.ibiquges.com/79/79619/
[2023-05-27 16:15:25] [INFO] 书名：超体邪神 作者：落青丹 url:https://www.ibiquges.com/82/82406/
[2023-05-27 16:15:25] [INFO] 书名：重生成为邪神的候选人 作者：云封土 url:https://www.ibiquges.com/81/81246/
[2023-05-27 16:15:25] [INFO] 书名：与人外邪神恋爱后 作者：殷桃桃子y url:https://www.ibiquges.com/115/115780/
[2023-05-27 16:15:25] [INFO] 书名：五行邪神 作者：最爱甜芒果 url:https://www.ibiquges.com/80/80317/
[2023-05-27 16:15:25] [INFO] 书名：邪神竟是我 作者：宁夜空 url:https://www.ibiquges.com/116/116198/
[2023-05-27 16:15:25] [INFO] 书名：误穿邪神见闻录 作者：暮居 url:https://www.ibiquges.com/92/92569/
[2023-05-27 16:15:25] [INFO] 书名：狂傲邪神天才妃 作者：天下青歌 url:https://www.ibiquges.com/113/113420/
[2023-05-27 16:15:52] [INFO] 书名：逆天邪神 作者：无敌贱客 url:https://www.ibiquges.com/41/41444/
[2023-05-27 16:15:52] [INFO] 书名：校园风流邪神 作者：陨落星辰 url:https://www.ibiquges.com/11/11602/
[2023-05-27 16:15:52] [INFO] 书名：绝世邪神 作者：纯情犀利哥 url:https://www.ibiquges.com/0/7/
[2023-05-27 16:15:52] [INFO] 书名：天才高手在都市 作者：冷云邪神 url:https://www.ibiquges.com/9/9124/
[2023-05-27 16:15:52] [INFO] 书名：邪神传说 作者：云天空 url:https://www.ibiquges.com/12/12410/
[2023-05-27 16:15:52] [INFO] 书名：逆天邪神 作者：火星引力 url:https://www.ibiquges.com/0/125/
[2023-05-27 16:15:52] [INFO] 书名：我被迫挖了邪神的墙角 作者：懒鸟 url:https://www.ibiquges.com/85/85551/
[2023-05-27 16:15:52] [INFO] 书名：穿越诸天当邪神 作者：钦定 url:https://www.ibiquges.com/15/15603/
[2023-05-27 16:15:52] [INFO] 书名：邪神竟是我自己！ 作者：吴杰超 url:https://www.ibiquges.com/99/99003/
[2023-05-27 16:15:52] [INFO] 书名：不死邪神 作者：风狂笑 url:https://www.ibiquges.com/36/36458/
[2023-05-27 16:15:52] [INFO] 书名：无限世界里的邪神 作者：云天星河 url:https://www.ibiquges.com/16/16218/
[2023-05-27 16:15:52] [INFO] 书名：至尊邪神 作者：老黑 url:https://www.ibiquges.com/4/4322/
[2023-05-27 16:15:52] [INFO] 书名：绝世邪神 作者：风狂笑 url:https://www.ibiquges.com/21/21475/
[2023-05-27 16:15:52] [INFO] 书名：重生成邪神雕像 作者：石竹卧青山 url:https://www.ibiquges.com/93/93860/
[2023-05-27 16:15:52] [INFO] 书名：请叫我邪神大人 作者：剑上独觉 url:https://www.ibiquges.com/14/14926/
[2023-05-27 16:15:52] [INFO] 书名：逆天邪神宫斗同人 作者：明幻神夜 url:https://www.ibiquges.com/58/58975/
[2023-05-27 16:15:52] [INFO] 书名：网游之禁区邪神 作者：一夜狂醉 url:https://www.ibiquges.com/19/19417/
[2023-05-27 16:15:52] [INFO] 书名：邪神旌旗 作者：楚白(书坊) url:https://www.ibiquges.com/8/8425/
[2023-05-27 16:15:52] [INFO] 书名：从菜刀到邪神 作者：流浪月光 url:https://www.ibiquges.com/73/73788/
[2023-05-27 16:15:52] [INFO] 书名：诡异入侵：我在人间镇压邪神 作者：神级玩家 url:https://www.ibiquges.com/95/95806/
[2023-05-27 16:15:52] [INFO] 书名：败家神豪 作者：邪神洛基 url:https://www.ibiquges.com/14/14408/
[2023-05-27 16:15:52] [INFO] 书名：被献祭后我亵渎了邪神 作者：本宫微胖 url:https://www.ibiquges.com/87/87473/
[2023-05-27 16:15:52] [INFO] 书名：开局邪神人偶，我有的选吗 作者：流御行 url:https://www.ibiquges.com/85/85516/
[2023-05-27 16:15:52] [INFO] 书名：混在邪神聊天群的光 作者：一点罗汉 url:https://www.ibiquges.com/81/81507/
[2023-05-27 16:15:52] [INFO] 书名：对话邪神：开局成为天尊信徒 作者：月入寒渊 url:https://www.ibiquges.com/103/103748/
[2023-05-27 16:15:52] [INFO] 书名：邪神江湖 作者：阇璃皓 url:https://www.ibiquges.com/106/106703/
[2023-05-27 16:15:52] [INFO] 书名：我真不是旧日邪神 作者：零点一分 url:https://www.ibiquges.com/76/76330/
[2023-05-27 16:15:52] [INFO] 书名：网游之邪神逆天 作者：落叶仙 url:https://www.ibiquges.com/8/8354/
[2023-05-27 16:15:52] [INFO] 书名：不死邪神 作者：师傅 url:https://www.ibiquges.com/34/34693/
[2023-05-27 16:15:52] [INFO] 书名：不可名状的邪神 作者：虚无会首 url:https://www.ibiquges.com/51/51418/
[2023-05-27 16:15:52] [INFO] 书名：傲世邪神 作者：剑痴酒徒 url:https://www.ibiquges.com/61/61012/
[2023-05-27 16:15:52] [INFO] 书名：美漫里的小邪神 作者：千年杀1 url:https://www.ibiquges.com/30/30850/
[2023-05-27 16:15:52] [INFO] 书名：焚天邪神 作者：安七夜 url:https://www.ibiquges.com/12/12139/
[2023-05-27 16:15:52] [INFO] 书名：奥特曼：开局我变成邪神加坦杰厄 作者：少豆东茄机 url:https://www.ibiquges.com/77/77160/
[2023-05-27 16:15:52] [INFO] 书名：邪神帝尊 作者：胡儿不荼 url:https://www.ibiquges.com/74/74162/
[2023-05-27 16:15:52] [INFO] 书名：邪神 作者：跑盘 url:https://www.ibiquges.com/13/13355/
[2023-05-27 16:15:52] [INFO] 书名：我，东京邪神，克图格亚 作者：白影乌鸦 url:https://www.ibiquges.com/74/74283/
[2023-05-27 16:15:52] [INFO] 书名：我真不是邪神啊 作者：芥湖泊舟 url:https://www.ibiquges.com/74/74730/
[2023-05-27 16:15:52] [INFO] 书名：万界最强融合系统 作者：邪神.逆天 url:https://www.ibiquges.com/31/31012/
[2023-05-27 16:15:52] [INFO] 书名：都市之天眼邪神 作者：龙水源 url:https://www.ibiquges.com/98/98951/
[2023-05-27 16:15:52] [INFO] 书名：穿越逆天邪神：凤逆九霄 作者：浅月莺歌 url:https://www.ibiquges.com/65/65216/
[2023-05-27 16:15:52] [INFO] 书名：我的御兽真不是邪神 作者：晨色暮鸦 url:https://www.ibiquges.com/114/114638/
[2023-05-27 16:15:52] [INFO] 书名：逆天邪神假想番外 作者：不可无可不 url:https://www.ibiquges.com/64/64811/
[2023-05-27 16:15:52] [INFO] 书名：绝世大邪神 作者：琉璃明镜 url:https://www.ibiquges.com/5/5709/
[2023-05-27 16:15:52] [INFO] 书名：傲天邪神 作者：贪火燎原 url:https://www.ibiquges.com/3/3062/
[2023-05-27 16:15:52] [INFO] 书名：邪神狂兵 作者：沧海残阳 url:https://www.ibiquges.com/25/25358/
[2023-05-27 16:15:52] [INFO] 书名：天衍邪神 作者：一叶逢春 url:https://www.ibiquges.com/51/51565/
[2023-05-27 16:15:52] [INFO] 书名：漫威：我真的不是邪神啊！ 作者：Pray芙蕾雅 url:https://www.ibiquges.com/97/97037/
[2023-05-27 16:15:52] [INFO] 书名：霸天邪神 作者：量子弦 url:https://www.ibiquges.com/2/2284/
[2023-05-27 16:15:52] [INFO] 书名：邪神降临 作者：血夜独狼 url:https://www.ibiquges.com/13/13479/
[2023-05-27 16:15:52] [INFO] 书名：邪神之从心篇 作者：雨后的天青色 url:https://www.ibiquges.com/24/24791/
[2023-05-27 16:15:52] [INFO] 书名：原来是邪神大人 作者：散人云岚 url:https://www.ibiquges.com/66/66999/
[2023-05-27 16:15:52] [INFO] 书名：科技邪神 作者：东海猪妖 url:https://www.ibiquges.com/15/15482/
[2023-05-27 16:15:52] [INFO] 书名：我成了邪神的祭品 作者：暗夜拾荒 url:https://www.ibiquges.com/89/89488/
[2023-05-27 16:15:52] [INFO] 书名：万妖诛天当邪神 作者：师傅泡的茶 url:https://www.ibiquges.com/30/30575/
[2023-05-27 16:15:52] [INFO] 书名：极道天子记 作者：皓月邪神 url:https://www.ibiquges.com/12/12226/
[2023-05-27 16:15:52] [INFO] 书名：至尊邪神 作者：老黑. url:https://www.ibiquges.com/58/58215/
[2023-05-27 16:15:52] [INFO] 书名：网游之破天邪神 作者：天然的山石 url:https://www.ibiquges.com/55/55710/
[2023-05-27 16:15:52] [INFO] 书名：邪神末世录 作者：满怒斩杀 url:https://www.ibiquges.com/42/42959/
[2023-05-27 16:15:52] [INFO] 书名：邪神战剑 作者：北十三刀 url:https://www.ibiquges.com/1/1790/
[2023-05-27 16:15:52] [INFO] 书名：邪神，你家奶茶到了！ 作者：卟念. url:https://www.ibiquges.com/32/32697/
[2023-05-27 16:15:52] [INFO] 书名：斗罗：从暗魔邪神虎开始 作者：明朝七公子 url:https://www.ibiquges.com/112/112741/
[2023-05-27 16:15:52] [INFO] 书名：邪神酱的星期一 作者：百炼成殇 url:https://www.ibiquges.com/90/90666/
[2023-05-27 16:15:52] [INFO] 书名：邪神盛宠：逆天绝色七小姐 作者：夕憬 url:https://www.ibiquges.com/19/19265/
[2023-05-27 16:15:52] [INFO] 书名：最狂邪神 作者：白字 url:https://www.ibiquges.com/91/91624/
[2023-05-27 16:15:52] [INFO] 书名：末日邪神审判者 作者：一个平凡的枫子 url:https://www.ibiquges.com/101/101947/
[2023-05-27 16:15:52] [INFO] 书名：无始邪神 作者：旧时风云 url:https://www.ibiquges.com/24/24825/
[2023-05-27 16:15:52] [INFO] 书名：逆天邪神：至尊七小姐 作者：七少有鱼 url:https://www.ibiquges.com/53/53335/
[2023-05-27 16:15:52] [INFO] 书名：邪神的后宫才怪 作者：宅霸天下 url:https://www.ibiquges.com/12/12257/
[2023-05-27 16:15:52] [INFO] 书名：重生之九幽邪神 作者：东邪大大 url:https://www.ibiquges.com/32/32212/
[2023-05-27 16:15:52] [INFO] 书名：不想当邪神可以拒绝吗 作者：南国月三更 url:https://www.ibiquges.com/99/99148/
[2023-05-27 16:15:52] [INFO] 书名：恶灵神探 作者：火云邪神 url:https://www.ibiquges.com/21/21771/
[2023-05-27 16:15:52] [INFO] 书名：剑道第一邪神 作者：轩墨丹心 url:https://www.ibiquges.com/108/108267/
[2023-05-27 16:15:52] [INFO] 书名：冒牌邪神 作者：云海奔雷 url:https://www.ibiquges.com/105/105943/
[2023-05-27 16:15:52] [INFO] 书名：逆武邪神 作者：浪中仙 url:https://www.ibiquges.com/81/81609/
[2023-05-27 16:15:52] [INFO] 书名：成为邪神从贯彻正义开始 作者：欲穷无目 url:https://www.ibiquges.com/102/102702/
[2023-05-27 16:15:52] [INFO] 书名：陆家暗影异界邪神 作者：黄昏启明星 url:https://www.ibiquges.com/79/79619/
[2023-05-27 16:15:52] [INFO] 书名：超体邪神 作者：落青丹 url:https://www.ibiquges.com/82/82406/
[2023-05-27 16:15:52] [INFO] 书名：重生成为邪神的候选人 作者：云封土 url:https://www.ibiquges.com/81/81246/
[2023-05-27 16:15:52] [INFO] 书名：与人外邪神恋爱后 作者：殷桃桃子y url:https://www.ibiquges.com/115/115780/
[2023-05-27 16:15:52] [INFO] 书名：五行邪神 作者：最爱甜芒果 url:https://www.ibiquges.com/80/80317/
[2023-05-27 16:15:52] [INFO] 书名：邪神竟是我 作者：宁夜空 url:https://www.ibiquges.com/116/116198/
[2023-05-27 16:15:52] [INFO] 书名：误穿邪神见闻录 作者：暮居 url:https://www.ibiquges.com/92/92569/
[2023-05-27 16:15:52] [INFO] 书名：狂傲邪神天才妃 作者：天下青歌 url:https://www.ibiquges.com/113/113420/
[2023-05-27 16:18:15] [INFO] 书名：逆天邪神 作者：无敌贱客 url:https://www.ibiquges.com/41/41444/
[2023-05-27 16:18:15] [INFO] 书名：校园风流邪神 作者：陨落星辰 url:https://www.ibiquges.com/11/11602/
[2023-05-27 16:18:15] [INFO] 书名：绝世邪神 作者：纯情犀利哥 url:https://www.ibiquges.com/0/7/
[2023-05-27 16:18:15] [INFO] 书名：天才高手在都市 作者：冷云邪神 url:https://www.ibiquges.com/9/9124/
[2023-05-27 16:18:15] [INFO] 书名：邪神传说 作者：云天空 url:https://www.ibiquges.com/12/12410/
[2023-05-27 16:18:15] [INFO] 书名：逆天邪神 作者：火星引力 url:https://www.ibiquges.com/0/125/
[2023-05-27 16:18:15] [INFO] 书名：我被迫挖了邪神的墙角 作者：懒鸟 url:https://www.ibiquges.com/85/85551/
[2023-05-27 16:18:15] [INFO] 书名：穿越诸天当邪神 作者：钦定 url:https://www.ibiquges.com/15/15603/
[2023-05-27 16:18:15] [INFO] 书名：邪神竟是我自己！ 作者：吴杰超 url:https://www.ibiquges.com/99/99003/
[2023-05-27 16:18:15] [INFO] 书名：不死邪神 作者：风狂笑 url:https://www.ibiquges.com/36/36458/
[2023-05-27 16:18:15] [INFO] 书名：无限世界里的邪神 作者：云天星河 url:https://www.ibiquges.com/16/16218/
[2023-05-27 16:18:15] [INFO] 书名：至尊邪神 作者：老黑 url:https://www.ibiquges.com/4/4322/
[2023-05-27 16:18:15] [INFO] 书名：绝世邪神 作者：风狂笑 url:https://www.ibiquges.com/21/21475/
[2023-05-27 16:18:15] [INFO] 书名：重生成邪神雕像 作者：石竹卧青山 url:https://www.ibiquges.com/93/93860/
[2023-05-27 16:18:15] [INFO] 书名：请叫我邪神大人 作者：剑上独觉 url:https://www.ibiquges.com/14/14926/
[2023-05-27 16:18:15] [INFO] 书名：逆天邪神宫斗同人 作者：明幻神夜 url:https://www.ibiquges.com/58/58975/
[2023-05-27 16:18:15] [INFO] 书名：网游之禁区邪神 作者：一夜狂醉 url:https://www.ibiquges.com/19/19417/
[2023-05-27 16:18:15] [INFO] 书名：邪神旌旗 作者：楚白(书坊) url:https://www.ibiquges.com/8/8425/
[2023-05-27 16:18:15] [INFO] 书名：从菜刀到邪神 作者：流浪月光 url:https://www.ibiquges.com/73/73788/
[2023-05-27 16:18:15] [INFO] 书名：诡异入侵：我在人间镇压邪神 作者：神级玩家 url:https://www.ibiquges.com/95/95806/
[2023-05-27 16:18:15] [INFO] 书名：败家神豪 作者：邪神洛基 url:https://www.ibiquges.com/14/14408/
[2023-05-27 16:18:15] [INFO] 书名：被献祭后我亵渎了邪神 作者：本宫微胖 url:https://www.ibiquges.com/87/87473/
[2023-05-27 16:18:15] [INFO] 书名：开局邪神人偶，我有的选吗 作者：流御行 url:https://www.ibiquges.com/85/85516/
[2023-05-27 16:18:15] [INFO] 书名：混在邪神聊天群的光 作者：一点罗汉 url:https://www.ibiquges.com/81/81507/
[2023-05-27 16:18:15] [INFO] 书名：对话邪神：开局成为天尊信徒 作者：月入寒渊 url:https://www.ibiquges.com/103/103748/
[2023-05-27 16:18:15] [INFO] 书名：邪神江湖 作者：阇璃皓 url:https://www.ibiquges.com/106/106703/
[2023-05-27 16:18:15] [INFO] 书名：我真不是旧日邪神 作者：零点一分 url:https://www.ibiquges.com/76/76330/
[2023-05-27 16:18:15] [INFO] 书名：网游之邪神逆天 作者：落叶仙 url:https://www.ibiquges.com/8/8354/
[2023-05-27 16:18:15] [INFO] 书名：不死邪神 作者：师傅 url:https://www.ibiquges.com/34/34693/
[2023-05-27 16:18:15] [INFO] 书名：不可名状的邪神 作者：虚无会首 url:https://www.ibiquges.com/51/51418/
[2023-05-27 16:18:15] [INFO] 书名：傲世邪神 作者：剑痴酒徒 url:https://www.ibiquges.com/61/61012/
[2023-05-27 16:18:15] [INFO] 书名：美漫里的小邪神 作者：千年杀1 url:https://www.ibiquges.com/30/30850/
[2023-05-27 16:18:15] [INFO] 书名：焚天邪神 作者：安七夜 url:https://www.ibiquges.com/12/12139/
[2023-05-27 16:18:15] [INFO] 书名：奥特曼：开局我变成邪神加坦杰厄 作者：少豆东茄机 url:https://www.ibiquges.com/77/77160/
[2023-05-27 16:18:15] [INFO] 书名：邪神帝尊 作者：胡儿不荼 url:https://www.ibiquges.com/74/74162/
[2023-05-27 16:18:15] [INFO] 书名：邪神 作者：跑盘 url:https://www.ibiquges.com/13/13355/
[2023-05-27 16:18:15] [INFO] 书名：我，东京邪神，克图格亚 作者：白影乌鸦 url:https://www.ibiquges.com/74/74283/
[2023-05-27 16:18:15] [INFO] 书名：我真不是邪神啊 作者：芥湖泊舟 url:https://www.ibiquges.com/74/74730/
[2023-05-27 16:18:15] [INFO] 书名：万界最强融合系统 作者：邪神.逆天 url:https://www.ibiquges.com/31/31012/
[2023-05-27 16:18:15] [INFO] 书名：都市之天眼邪神 作者：龙水源 url:https://www.ibiquges.com/98/98951/
[2023-05-27 16:18:15] [INFO] 书名：穿越逆天邪神：凤逆九霄 作者：浅月莺歌 url:https://www.ibiquges.com/65/65216/
[2023-05-27 16:18:15] [INFO] 书名：我的御兽真不是邪神 作者：晨色暮鸦 url:https://www.ibiquges.com/114/114638/
[2023-05-27 16:18:15] [INFO] 书名：逆天邪神假想番外 作者：不可无可不 url:https://www.ibiquges.com/64/64811/
[2023-05-27 16:18:15] [INFO] 书名：绝世大邪神 作者：琉璃明镜 url:https://www.ibiquges.com/5/5709/
[2023-05-27 16:18:15] [INFO] 书名：傲天邪神 作者：贪火燎原 url:https://www.ibiquges.com/3/3062/
[2023-05-27 16:18:15] [INFO] 书名：邪神狂兵 作者：沧海残阳 url:https://www.ibiquges.com/25/25358/
[2023-05-27 16:18:15] [INFO] 书名：天衍邪神 作者：一叶逢春 url:https://www.ibiquges.com/51/51565/
[2023-05-27 16:18:15] [INFO] 书名：漫威：我真的不是邪神啊！ 作者：Pray芙蕾雅 url:https://www.ibiquges.com/97/97037/
[2023-05-27 16:18:15] [INFO] 书名：霸天邪神 作者：量子弦 url:https://www.ibiquges.com/2/2284/
[2023-05-27 16:18:15] [INFO] 书名：邪神降临 作者：血夜独狼 url:https://www.ibiquges.com/13/13479/
[2023-05-27 16:18:15] [INFO] 书名：邪神之从心篇 作者：雨后的天青色 url:https://www.ibiquges.com/24/24791/
[2023-05-27 16:18:15] [INFO] 书名：原来是邪神大人 作者：散人云岚 url:https://www.ibiquges.com/66/66999/
[2023-05-27 16:18:15] [INFO] 书名：科技邪神 作者：东海猪妖 url:https://www.ibiquges.com/15/15482/
[2023-05-27 16:18:15] [INFO] 书名：我成了邪神的祭品 作者：暗夜拾荒 url:https://www.ibiquges.com/89/89488/
[2023-05-27 16:18:15] [INFO] 书名：万妖诛天当邪神 作者：师傅泡的茶 url:https://www.ibiquges.com/30/30575/
[2023-05-27 16:18:15] [INFO] 书名：极道天子记 作者：皓月邪神 url:https://www.ibiquges.com/12/12226/
[2023-05-27 16:18:15] [INFO] 书名：至尊邪神 作者：老黑. url:https://www.ibiquges.com/58/58215/
[2023-05-27 16:18:15] [INFO] 书名：网游之破天邪神 作者：天然的山石 url:https://www.ibiquges.com/55/55710/
[2023-05-27 16:18:15] [INFO] 书名：邪神末世录 作者：满怒斩杀 url:https://www.ibiquges.com/42/42959/
[2023-05-27 16:18:15] [INFO] 书名：邪神战剑 作者：北十三刀 url:https://www.ibiquges.com/1/1790/
[2023-05-27 16:18:15] [INFO] 书名：邪神，你家奶茶到了！ 作者：卟念. url:https://www.ibiquges.com/32/32697/
[2023-05-27 16:18:15] [INFO] 书名：斗罗：从暗魔邪神虎开始 作者：明朝七公子 url:https://www.ibiquges.com/112/112741/
[2023-05-27 16:18:15] [INFO] 书名：邪神酱的星期一 作者：百炼成殇 url:https://www.ibiquges.com/90/90666/
[2023-05-27 16:18:15] [INFO] 书名：邪神盛宠：逆天绝色七小姐 作者：夕憬 url:https://www.ibiquges.com/19/19265/
[2023-05-27 16:18:15] [INFO] 书名：最狂邪神 作者：白字 url:https://www.ibiquges.com/91/91624/
[2023-05-27 16:18:15] [INFO] 书名：末日邪神审判者 作者：一个平凡的枫子 url:https://www.ibiquges.com/101/101947/
[2023-05-27 16:18:15] [INFO] 书名：无始邪神 作者：旧时风云 url:https://www.ibiquges.com/24/24825/
[2023-05-27 16:18:15] [INFO] 书名：逆天邪神：至尊七小姐 作者：七少有鱼 url:https://www.ibiquges.com/53/53335/
[2023-05-27 16:18:15] [INFO] 书名：邪神的后宫才怪 作者：宅霸天下 url:https://www.ibiquges.com/12/12257/
[2023-05-27 16:18:15] [INFO] 书名：重生之九幽邪神 作者：东邪大大 url:https://www.ibiquges.com/32/32212/
[2023-05-27 16:18:15] [INFO] 书名：不想当邪神可以拒绝吗 作者：南国月三更 url:https://www.ibiquges.com/99/99148/
[2023-05-27 16:18:15] [INFO] 书名：恶灵神探 作者：火云邪神 url:https://www.ibiquges.com/21/21771/
[2023-05-27 16:18:15] [INFO] 书名：剑道第一邪神 作者：轩墨丹心 url:https://www.ibiquges.com/108/108267/
[2023-05-27 16:18:15] [INFO] 书名：冒牌邪神 作者：云海奔雷 url:https://www.ibiquges.com/105/105943/
[2023-05-27 16:18:15] [INFO] 书名：逆武邪神 作者：浪中仙 url:https://www.ibiquges.com/81/81609/
[2023-05-27 16:18:15] [INFO] 书名：成为邪神从贯彻正义开始 作者：欲穷无目 url:https://www.ibiquges.com/102/102702/
[2023-05-27 16:18:15] [INFO] 书名：陆家暗影异界邪神 作者：黄昏启明星 url:https://www.ibiquges.com/79/79619/
[2023-05-27 16:18:15] [INFO] 书名：超体邪神 作者：落青丹 url:https://www.ibiquges.com/82/82406/
[2023-05-27 16:18:15] [INFO] 书名：重生成为邪神的候选人 作者：云封土 url:https://www.ibiquges.com/81/81246/
[2023-05-27 16:18:15] [INFO] 书名：与人外邪神恋爱后 作者：殷桃桃子y url:https://www.ibiquges.com/115/115780/
[2023-05-27 16:18:15] [INFO] 书名：五行邪神 作者：最爱甜芒果 url:https://www.ibiquges.com/80/80317/
[2023-05-27 16:18:15] [INFO] 书名：邪神竟是我 作者：宁夜空 url:https://www.ibiquges.com/116/116198/
[2023-05-27 16:18:15] [INFO] 书名：误穿邪神见闻录 作者：暮居 url:https://www.ibiquges.com/92/92569/
[2023-05-27 16:18:15] [INFO] 书名：狂傲邪神天才妃 作者：天下青歌 url:https://www.ibiquges.com/113/113420/
[2023-05-27 16:18:57] [INFO] 书名：逆天邪神 作者：无敌贱客 url:https://www.ibiquges.com/41/41444/
[2023-05-27 16:18:57] [INFO] 书名：校园风流邪神 作者：陨落星辰 url:https://www.ibiquges.com/11/11602/
[2023-05-27 16:18:57] [INFO] 书名：绝世邪神 作者：纯情犀利哥 url:https://www.ibiquges.com/0/7/
[2023-05-27 16:18:57] [INFO] 书名：天才高手在都市 作者：冷云邪神 url:https://www.ibiquges.com/9/9124/
[2023-05-27 16:18:57] [INFO] 书名：邪神传说 作者：云天空 url:https://www.ibiquges.com/12/12410/
[2023-05-27 16:18:57] [INFO] 书名：逆天邪神 作者：火星引力 url:https://www.ibiquges.com/0/125/
[2023-05-27 16:18:57] [INFO] 书名：我被迫挖了邪神的墙角 作者：懒鸟 url:https://www.ibiquges.com/85/85551/
[2023-05-27 16:18:57] [INFO] 书名：穿越诸天当邪神 作者：钦定 url:https://www.ibiquges.com/15/15603/
[2023-05-27 16:18:57] [INFO] 书名：邪神竟是我自己！ 作者：吴杰超 url:https://www.ibiquges.com/99/99003/
[2023-05-27 16:18:57] [INFO] 书名：不死邪神 作者：风狂笑 url:https://www.ibiquges.com/36/36458/
[2023-05-27 16:18:57] [INFO] 书名：无限世界里的邪神 作者：云天星河 url:https://www.ibiquges.com/16/16218/
[2023-05-27 16:18:57] [INFO] 书名：至尊邪神 作者：老黑 url:https://www.ibiquges.com/4/4322/
[2023-05-27 16:18:57] [INFO] 书名：绝世邪神 作者：风狂笑 url:https://www.ibiquges.com/21/21475/
[2023-05-27 16:18:57] [INFO] 书名：重生成邪神雕像 作者：石竹卧青山 url:https://www.ibiquges.com/93/93860/
[2023-05-27 16:18:57] [INFO] 书名：请叫我邪神大人 作者：剑上独觉 url:https://www.ibiquges.com/14/14926/
[2023-05-27 16:18:57] [INFO] 书名：逆天邪神宫斗同人 作者：明幻神夜 url:https://www.ibiquges.com/58/58975/
[2023-05-27 16:18:57] [INFO] 书名：网游之禁区邪神 作者：一夜狂醉 url:https://www.ibiquges.com/19/19417/
[2023-05-27 16:18:57] [INFO] 书名：邪神旌旗 作者：楚白(书坊) url:https://www.ibiquges.com/8/8425/
[2023-05-27 16:18:57] [INFO] 书名：从菜刀到邪神 作者：流浪月光 url:https://www.ibiquges.com/73/73788/
[2023-05-27 16:18:57] [INFO] 书名：诡异入侵：我在人间镇压邪神 作者：神级玩家 url:https://www.ibiquges.com/95/95806/
[2023-05-27 16:18:57] [INFO] 书名：败家神豪 作者：邪神洛基 url:https://www.ibiquges.com/14/14408/
[2023-05-27 16:18:57] [INFO] 书名：被献祭后我亵渎了邪神 作者：本宫微胖 url:https://www.ibiquges.com/87/87473/
[2023-05-27 16:18:57] [INFO] 书名：开局邪神人偶，我有的选吗 作者：流御行 url:https://www.ibiquges.com/85/85516/
[2023-05-27 16:18:57] [INFO] 书名：混在邪神聊天群的光 作者：一点罗汉 url:https://www.ibiquges.com/81/81507/
[2023-05-27 16:18:57] [INFO] 书名：对话邪神：开局成为天尊信徒 作者：月入寒渊 url:https://www.ibiquges.com/103/103748/
[2023-05-27 16:18:57] [INFO] 书名：邪神江湖 作者：阇璃皓 url:https://www.ibiquges.com/106/106703/
[2023-05-27 16:18:57] [INFO] 书名：我真不是旧日邪神 作者：零点一分 url:https://www.ibiquges.com/76/76330/
[2023-05-27 16:18:57] [INFO] 书名：网游之邪神逆天 作者：落叶仙 url:https://www.ibiquges.com/8/8354/
[2023-05-27 16:18:57] [INFO] 书名：不死邪神 作者：师傅 url:https://www.ibiquges.com/34/34693/
[2023-05-27 16:18:57] [INFO] 书名：不可名状的邪神 作者：虚无会首 url:https://www.ibiquges.com/51/51418/
[2023-05-27 16:18:57] [INFO] 书名：傲世邪神 作者：剑痴酒徒 url:https://www.ibiquges.com/61/61012/
[2023-05-27 16:18:57] [INFO] 书名：美漫里的小邪神 作者：千年杀1 url:https://www.ibiquges.com/30/30850/
[2023-05-27 16:18:57] [INFO] 书名：焚天邪神 作者：安七夜 url:https://www.ibiquges.com/12/12139/
[2023-05-27 16:18:57] [INFO] 书名：奥特曼：开局我变成邪神加坦杰厄 作者：少豆东茄机 url:https://www.ibiquges.com/77/77160/
[2023-05-27 16:18:57] [INFO] 书名：邪神帝尊 作者：胡儿不荼 url:https://www.ibiquges.com/74/74162/
[2023-05-27 16:18:57] [INFO] 书名：邪神 作者：跑盘 url:https://www.ibiquges.com/13/13355/
[2023-05-27 16:18:57] [INFO] 书名：我，东京邪神，克图格亚 作者：白影乌鸦 url:https://www.ibiquges.com/74/74283/
[2023-05-27 16:18:57] [INFO] 书名：我真不是邪神啊 作者：芥湖泊舟 url:https://www.ibiquges.com/74/74730/
[2023-05-27 16:18:57] [INFO] 书名：万界最强融合系统 作者：邪神.逆天 url:https://www.ibiquges.com/31/31012/
[2023-05-27 16:18:57] [INFO] 书名：都市之天眼邪神 作者：龙水源 url:https://www.ibiquges.com/98/98951/
[2023-05-27 16:18:57] [INFO] 书名：穿越逆天邪神：凤逆九霄 作者：浅月莺歌 url:https://www.ibiquges.com/65/65216/
[2023-05-27 16:18:57] [INFO] 书名：我的御兽真不是邪神 作者：晨色暮鸦 url:https://www.ibiquges.com/114/114638/
[2023-05-27 16:18:57] [INFO] 书名：逆天邪神假想番外 作者：不可无可不 url:https://www.ibiquges.com/64/64811/
[2023-05-27 16:18:57] [INFO] 书名：绝世大邪神 作者：琉璃明镜 url:https://www.ibiquges.com/5/5709/
[2023-05-27 16:18:57] [INFO] 书名：傲天邪神 作者：贪火燎原 url:https://www.ibiquges.com/3/3062/
[2023-05-27 16:18:57] [INFO] 书名：邪神狂兵 作者：沧海残阳 url:https://www.ibiquges.com/25/25358/
[2023-05-27 16:18:57] [INFO] 书名：天衍邪神 作者：一叶逢春 url:https://www.ibiquges.com/51/51565/
[2023-05-27 16:18:57] [INFO] 书名：漫威：我真的不是邪神啊！ 作者：Pray芙蕾雅 url:https://www.ibiquges.com/97/97037/
[2023-05-27 16:18:57] [INFO] 书名：霸天邪神 作者：量子弦 url:https://www.ibiquges.com/2/2284/
[2023-05-27 16:18:57] [INFO] 书名：邪神降临 作者：血夜独狼 url:https://www.ibiquges.com/13/13479/
[2023-05-27 16:18:57] [INFO] 书名：邪神之从心篇 作者：雨后的天青色 url:https://www.ibiquges.com/24/24791/
[2023-05-27 16:18:57] [INFO] 书名：原来是邪神大人 作者：散人云岚 url:https://www.ibiquges.com/66/66999/
[2023-05-27 16:18:57] [INFO] 书名：科技邪神 作者：东海猪妖 url:https://www.ibiquges.com/15/15482/
[2023-05-27 16:18:57] [INFO] 书名：我成了邪神的祭品 作者：暗夜拾荒 url:https://www.ibiquges.com/89/89488/
[2023-05-27 16:18:57] [INFO] 书名：万妖诛天当邪神 作者：师傅泡的茶 url:https://www.ibiquges.com/30/30575/
[2023-05-27 16:18:57] [INFO] 书名：极道天子记 作者：皓月邪神 url:https://www.ibiquges.com/12/12226/
[2023-05-27 16:18:57] [INFO] 书名：至尊邪神 作者：老黑. url:https://www.ibiquges.com/58/58215/
[2023-05-27 16:18:57] [INFO] 书名：网游之破天邪神 作者：天然的山石 url:https://www.ibiquges.com/55/55710/
[2023-05-27 16:18:57] [INFO] 书名：邪神末世录 作者：满怒斩杀 url:https://www.ibiquges.com/42/42959/
[2023-05-27 16:18:57] [INFO] 书名：邪神战剑 作者：北十三刀 url:https://www.ibiquges.com/1/1790/
[2023-05-27 16:18:57] [INFO] 书名：邪神，你家奶茶到了！ 作者：卟念. url:https://www.ibiquges.com/32/32697/
[2023-05-27 16:18:57] [INFO] 书名：斗罗：从暗魔邪神虎开始 作者：明朝七公子 url:https://www.ibiquges.com/112/112741/
[2023-05-27 16:18:57] [INFO] 书名：邪神酱的星期一 作者：百炼成殇 url:https://www.ibiquges.com/90/90666/
[2023-05-27 16:18:57] [INFO] 书名：邪神盛宠：逆天绝色七小姐 作者：夕憬 url:https://www.ibiquges.com/19/19265/
[2023-05-27 16:18:57] [INFO] 书名：最狂邪神 作者：白字 url:https://www.ibiquges.com/91/91624/
[2023-05-27 16:18:57] [INFO] 书名：末日邪神审判者 作者：一个平凡的枫子 url:https://www.ibiquges.com/101/101947/
[2023-05-27 16:18:57] [INFO] 书名：无始邪神 作者：旧时风云 url:https://www.ibiquges.com/24/24825/
[2023-05-27 16:18:57] [INFO] 书名：逆天邪神：至尊七小姐 作者：七少有鱼 url:https://www.ibiquges.com/53/53335/
[2023-05-27 16:18:57] [INFO] 书名：邪神的后宫才怪 作者：宅霸天下 url:https://www.ibiquges.com/12/12257/
[2023-05-27 16:18:57] [INFO] 书名：重生之九幽邪神 作者：东邪大大 url:https://www.ibiquges.com/32/32212/
[2023-05-27 16:18:57] [INFO] 书名：不想当邪神可以拒绝吗 作者：南国月三更 url:https://www.ibiquges.com/99/99148/
[2023-05-27 16:18:57] [INFO] 书名：恶灵神探 作者：火云邪神 url:https://www.ibiquges.com/21/21771/
[2023-05-27 16:18:57] [INFO] 书名：剑道第一邪神 作者：轩墨丹心 url:https://www.ibiquges.com/108/108267/
[2023-05-27 16:18:57] [INFO] 书名：冒牌邪神 作者：云海奔雷 url:https://www.ibiquges.com/105/105943/
[2023-05-27 16:18:57] [INFO] 书名：逆武邪神 作者：浪中仙 url:https://www.ibiquges.com/81/81609/
[2023-05-27 16:18:57] [INFO] 书名：成为邪神从贯彻正义开始 作者：欲穷无目 url:https://www.ibiquges.com/102/102702/
[2023-05-27 16:18:57] [INFO] 书名：陆家暗影异界邪神 作者：黄昏启明星 url:https://www.ibiquges.com/79/79619/
[2023-05-27 16:18:57] [INFO] 书名：超体邪神 作者：落青丹 url:https://www.ibiquges.com/82/82406/
[2023-05-27 16:18:57] [INFO] 书名：重生成为邪神的候选人 作者：云封土 url:https://www.ibiquges.com/81/81246/
[2023-05-27 16:18:57] [INFO] 书名：与人外邪神恋爱后 作者：殷桃桃子y url:https://www.ibiquges.com/115/115780/
[2023-05-27 16:18:57] [INFO] 书名：五行邪神 作者：最爱甜芒果 url:https://www.ibiquges.com/80/80317/
[2023-05-27 16:18:57] [INFO] 书名：邪神竟是我 作者：宁夜空 url:https://www.ibiquges.com/116/116198/
[2023-05-27 16:18:57] [INFO] 书名：误穿邪神见闻录 作者：暮居 url:https://www.ibiquges.com/92/92569/
[2023-05-27 16:18:57] [INFO] 书名：狂傲邪神天才妃 作者：天下青歌 url:https://www.ibiquges.com/113/113420/
[2023-05-27 16:24:08] [INFO] 书名：逆天邪神 作者：无敌贱客 url:https://www.ibiquges.com/41/41444/
[2023-05-27 16:24:08] [INFO] 书名：校园风流邪神 作者：陨落星辰 url:https://www.ibiquges.com/11/11602/
[2023-05-27 16:24:08] [INFO] 书名：绝世邪神 作者：纯情犀利哥 url:https://www.ibiquges.com/0/7/
[2023-05-27 16:24:08] [INFO] 书名：天才高手在都市 作者：冷云邪神 url:https://www.ibiquges.com/9/9124/
[2023-05-27 16:24:08] [INFO] 书名：邪神传说 作者：云天空 url:https://www.ibiquges.com/12/12410/
[2023-05-27 16:24:08] [INFO] 书名：逆天邪神 作者：火星引力 url:https://www.ibiquges.com/0/125/
[2023-05-27 16:24:08] [INFO] 书名：我被迫挖了邪神的墙角 作者：懒鸟 url:https://www.ibiquges.com/85/85551/
[2023-05-27 16:24:08] [INFO] 书名：穿越诸天当邪神 作者：钦定 url:https://www.ibiquges.com/15/15603/
[2023-05-27 16:24:08] [INFO] 书名：邪神竟是我自己！ 作者：吴杰超 url:https://www.ibiquges.com/99/99003/
[2023-05-27 16:24:08] [INFO] 书名：不死邪神 作者：风狂笑 url:https://www.ibiquges.com/36/36458/
[2023-05-27 16:24:08] [INFO] 书名：无限世界里的邪神 作者：云天星河 url:https://www.ibiquges.com/16/16218/
[2023-05-27 16:24:08] [INFO] 书名：至尊邪神 作者：老黑 url:https://www.ibiquges.com/4/4322/
[2023-05-27 16:24:08] [INFO] 书名：绝世邪神 作者：风狂笑 url:https://www.ibiquges.com/21/21475/
[2023-05-27 16:24:08] [INFO] 书名：重生成邪神雕像 作者：石竹卧青山 url:https://www.ibiquges.com/93/93860/
[2023-05-27 16:24:08] [INFO] 书名：请叫我邪神大人 作者：剑上独觉 url:https://www.ibiquges.com/14/14926/
[2023-05-27 16:24:08] [INFO] 书名：逆天邪神宫斗同人 作者：明幻神夜 url:https://www.ibiquges.com/58/58975/
[2023-05-27 16:24:08] [INFO] 书名：网游之禁区邪神 作者：一夜狂醉 url:https://www.ibiquges.com/19/19417/
[2023-05-27 16:24:08] [INFO] 书名：邪神旌旗 作者：楚白(书坊) url:https://www.ibiquges.com/8/8425/
[2023-05-27 16:24:08] [INFO] 书名：从菜刀到邪神 作者：流浪月光 url:https://www.ibiquges.com/73/73788/
[2023-05-27 16:24:08] [INFO] 书名：诡异入侵：我在人间镇压邪神 作者：神级玩家 url:https://www.ibiquges.com/95/95806/
[2023-05-27 16:24:08] [INFO] 书名：败家神豪 作者：邪神洛基 url:https://www.ibiquges.com/14/14408/
[2023-05-27 16:24:08] [INFO] 书名：被献祭后我亵渎了邪神 作者：本宫微胖 url:https://www.ibiquges.com/87/87473/
[2023-05-27 16:24:08] [INFO] 书名：开局邪神人偶，我有的选吗 作者：流御行 url:https://www.ibiquges.com/85/85516/
[2023-05-27 16:24:08] [INFO] 书名：混在邪神聊天群的光 作者：一点罗汉 url:https://www.ibiquges.com/81/81507/
[2023-05-27 16:24:08] [INFO] 书名：对话邪神：开局成为天尊信徒 作者：月入寒渊 url:https://www.ibiquges.com/103/103748/
[2023-05-27 16:24:08] [INFO] 书名：邪神江湖 作者：阇璃皓 url:https://www.ibiquges.com/106/106703/
[2023-05-27 16:24:08] [INFO] 书名：我真不是旧日邪神 作者：零点一分 url:https://www.ibiquges.com/76/76330/
[2023-05-27 16:24:08] [INFO] 书名：网游之邪神逆天 作者：落叶仙 url:https://www.ibiquges.com/8/8354/
[2023-05-27 16:24:08] [INFO] 书名：不死邪神 作者：师傅 url:https://www.ibiquges.com/34/34693/
[2023-05-27 16:24:08] [INFO] 书名：不可名状的邪神 作者：虚无会首 url:https://www.ibiquges.com/51/51418/
[2023-05-27 16:24:08] [INFO] 书名：傲世邪神 作者：剑痴酒徒 url:https://www.ibiquges.com/61/61012/
[2023-05-27 16:24:08] [INFO] 书名：美漫里的小邪神 作者：千年杀1 url:https://www.ibiquges.com/30/30850/
[2023-05-27 16:24:08] [INFO] 书名：焚天邪神 作者：安七夜 url:https://www.ibiquges.com/12/12139/
[2023-05-27 16:24:08] [INFO] 书名：奥特曼：开局我变成邪神加坦杰厄 作者：少豆东茄机 url:https://www.ibiquges.com/77/77160/
[2023-05-27 16:24:08] [INFO] 书名：邪神帝尊 作者：胡儿不荼 url:https://www.ibiquges.com/74/74162/
[2023-05-27 16:24:08] [INFO] 书名：邪神 作者：跑盘 url:https://www.ibiquges.com/13/13355/
[2023-05-27 16:24:08] [INFO] 书名：我，东京邪神，克图格亚 作者：白影乌鸦 url:https://www.ibiquges.com/74/74283/
[2023-05-27 16:24:08] [INFO] 书名：我真不是邪神啊 作者：芥湖泊舟 url:https://www.ibiquges.com/74/74730/
[2023-05-27 16:24:08] [INFO] 书名：万界最强融合系统 作者：邪神.逆天 url:https://www.ibiquges.com/31/31012/
[2023-05-27 16:24:08] [INFO] 书名：都市之天眼邪神 作者：龙水源 url:https://www.ibiquges.com/98/98951/
[2023-05-27 16:24:08] [INFO] 书名：穿越逆天邪神：凤逆九霄 作者：浅月莺歌 url:https://www.ibiquges.com/65/65216/
[2023-05-27 16:24:08] [INFO] 书名：我的御兽真不是邪神 作者：晨色暮鸦 url:https://www.ibiquges.com/114/114638/
[2023-05-27 16:24:08] [INFO] 书名：逆天邪神假想番外 作者：不可无可不 url:https://www.ibiquges.com/64/64811/
[2023-05-27 16:24:08] [INFO] 书名：绝世大邪神 作者：琉璃明镜 url:https://www.ibiquges.com/5/5709/
[2023-05-27 16:24:08] [INFO] 书名：傲天邪神 作者：贪火燎原 url:https://www.ibiquges.com/3/3062/
[2023-05-27 16:24:08] [INFO] 书名：邪神狂兵 作者：沧海残阳 url:https://www.ibiquges.com/25/25358/
[2023-05-27 16:24:08] [INFO] 书名：天衍邪神 作者：一叶逢春 url:https://www.ibiquges.com/51/51565/
[2023-05-27 16:24:08] [INFO] 书名：漫威：我真的不是邪神啊！ 作者：Pray芙蕾雅 url:https://www.ibiquges.com/97/97037/
[2023-05-27 16:24:08] [INFO] 书名：霸天邪神 作者：量子弦 url:https://www.ibiquges.com/2/2284/
[2023-05-27 16:24:08] [INFO] 书名：邪神降临 作者：血夜独狼 url:https://www.ibiquges.com/13/13479/
[2023-05-27 16:24:08] [INFO] 书名：邪神之从心篇 作者：雨后的天青色 url:https://www.ibiquges.com/24/24791/
[2023-05-27 16:24:08] [INFO] 书名：原来是邪神大人 作者：散人云岚 url:https://www.ibiquges.com/66/66999/
[2023-05-27 16:24:08] [INFO] 书名：科技邪神 作者：东海猪妖 url:https://www.ibiquges.com/15/15482/
[2023-05-27 16:24:08] [INFO] 书名：我成了邪神的祭品 作者：暗夜拾荒 url:https://www.ibiquges.com/89/89488/
[2023-05-27 16:24:08] [INFO] 书名：万妖诛天当邪神 作者：师傅泡的茶 url:https://www.ibiquges.com/30/30575/
[2023-05-27 16:24:08] [INFO] 书名：极道天子记 作者：皓月邪神 url:https://www.ibiquges.com/12/12226/
[2023-05-27 16:24:08] [INFO] 书名：至尊邪神 作者：老黑. url:https://www.ibiquges.com/58/58215/
[2023-05-27 16:24:08] [INFO] 书名：网游之破天邪神 作者：天然的山石 url:https://www.ibiquges.com/55/55710/
[2023-05-27 16:24:08] [INFO] 书名：邪神末世录 作者：满怒斩杀 url:https://www.ibiquges.com/42/42959/
[2023-05-27 16:24:08] [INFO] 书名：邪神战剑 作者：北十三刀 url:https://www.ibiquges.com/1/1790/
[2023-05-27 16:24:08] [INFO] 书名：邪神，你家奶茶到了！ 作者：卟念. url:https://www.ibiquges.com/32/32697/
[2023-05-27 16:24:08] [INFO] 书名：斗罗：从暗魔邪神虎开始 作者：明朝七公子 url:https://www.ibiquges.com/112/112741/
[2023-05-27 16:24:08] [INFO] 书名：邪神酱的星期一 作者：百炼成殇 url:https://www.ibiquges.com/90/90666/
[2023-05-27 16:24:08] [INFO] 书名：邪神盛宠：逆天绝色七小姐 作者：夕憬 url:https://www.ibiquges.com/19/19265/
[2023-05-27 16:24:08] [INFO] 书名：最狂邪神 作者：白字 url:https://www.ibiquges.com/91/91624/
[2023-05-27 16:24:08] [INFO] 书名：末日邪神审判者 作者：一个平凡的枫子 url:https://www.ibiquges.com/101/101947/
[2023-05-27 16:24:08] [INFO] 书名：无始邪神 作者：旧时风云 url:https://www.ibiquges.com/24/24825/
[2023-05-27 16:24:08] [INFO] 书名：逆天邪神：至尊七小姐 作者：七少有鱼 url:https://www.ibiquges.com/53/53335/
[2023-05-27 16:24:08] [INFO] 书名：邪神的后宫才怪 作者：宅霸天下 url:https://www.ibiquges.com/12/12257/
[2023-05-27 16:24:08] [INFO] 书名：重生之九幽邪神 作者：东邪大大 url:https://www.ibiquges.com/32/32212/
[2023-05-27 16:24:08] [INFO] 书名：不想当邪神可以拒绝吗 作者：南国月三更 url:https://www.ibiquges.com/99/99148/
[2023-05-27 16:24:08] [INFO] 书名：恶灵神探 作者：火云邪神 url:https://www.ibiquges.com/21/21771/
[2023-05-27 16:24:08] [INFO] 书名：剑道第一邪神 作者：轩墨丹心 url:https://www.ibiquges.com/108/108267/
[2023-05-27 16:24:08] [INFO] 书名：冒牌邪神 作者：云海奔雷 url:https://www.ibiquges.com/105/105943/
[2023-05-27 16:24:08] [INFO] 书名：逆武邪神 作者：浪中仙 url:https://www.ibiquges.com/81/81609/
[2023-05-27 16:24:08] [INFO] 书名：成为邪神从贯彻正义开始 作者：欲穷无目 url:https://www.ibiquges.com/102/102702/
[2023-05-27 16:24:08] [INFO] 书名：陆家暗影异界邪神 作者：黄昏启明星 url:https://www.ibiquges.com/79/79619/
[2023-05-27 16:24:08] [INFO] 书名：超体邪神 作者：落青丹 url:https://www.ibiquges.com/82/82406/
[2023-05-27 16:24:08] [INFO] 书名：重生成为邪神的候选人 作者：云封土 url:https://www.ibiquges.com/81/81246/
[2023-05-27 16:24:08] [INFO] 书名：与人外邪神恋爱后 作者：殷桃桃子y url:https://www.ibiquges.com/115/115780/
[2023-05-27 16:24:08] [INFO] 书名：五行邪神 作者：最爱甜芒果 url:https://www.ibiquges.com/80/80317/
[2023-05-27 16:24:08] [INFO] 书名：邪神竟是我 作者：宁夜空 url:https://www.ibiquges.com/116/116198/
[2023-05-27 16:24:08] [INFO] 书名：误穿邪神见闻录 作者：暮居 url:https://www.ibiquges.com/92/92569/
[2023-05-27 16:24:08] [INFO] 书名：狂傲邪神天才妃 作者：天下青歌 url:https://www.ibiquges.com/113/113420/
[2023-05-27 16:25:24] [INFO] 书名：逆天邪神 作者：无敌贱客 url:https://www.ibiquges.com/41/41444/
[2023-05-27 16:25:24] [INFO] 书名：校园风流邪神 作者：陨落星辰 url:https://www.ibiquges.com/11/11602/
[2023-05-27 16:25:24] [INFO] 书名：绝世邪神 作者：纯情犀利哥 url:https://www.ibiquges.com/0/7/
[2023-05-27 16:25:24] [INFO] 书名：天才高手在都市 作者：冷云邪神 url:https://www.ibiquges.com/9/9124/
[2023-05-27 16:25:24] [INFO] 书名：邪神传说 作者：云天空 url:https://www.ibiquges.com/12/12410/
[2023-05-27 16:25:24] [INFO] 书名：逆天邪神 作者：火星引力 url:https://www.ibiquges.com/0/125/
[2023-05-27 16:25:24] [INFO] 书名：我被迫挖了邪神的墙角 作者：懒鸟 url:https://www.ibiquges.com/85/85551/
[2023-05-27 16:25:24] [INFO] 书名：穿越诸天当邪神 作者：钦定 url:https://www.ibiquges.com/15/15603/
[2023-05-27 16:25:24] [INFO] 书名：邪神竟是我自己！ 作者：吴杰超 url:https://www.ibiquges.com/99/99003/
[2023-05-27 16:25:24] [INFO] 书名：不死邪神 作者：风狂笑 url:https://www.ibiquges.com/36/36458/
[2023-05-27 16:25:24] [INFO] 书名：无限世界里的邪神 作者：云天星河 url:https://www.ibiquges.com/16/16218/
[2023-05-27 16:25:24] [INFO] 书名：至尊邪神 作者：老黑 url:https://www.ibiquges.com/4/4322/
[2023-05-27 16:25:24] [INFO] 书名：绝世邪神 作者：风狂笑 url:https://www.ibiquges.com/21/21475/
[2023-05-27 16:25:24] [INFO] 书名：重生成邪神雕像 作者：石竹卧青山 url:https://www.ibiquges.com/93/93860/
[2023-05-27 16:25:24] [INFO] 书名：请叫我邪神大人 作者：剑上独觉 url:https://www.ibiquges.com/14/14926/
[2023-05-27 16:25:24] [INFO] 书名：逆天邪神宫斗同人 作者：明幻神夜 url:https://www.ibiquges.com/58/58975/
[2023-05-27 16:25:24] [INFO] 书名：网游之禁区邪神 作者：一夜狂醉 url:https://www.ibiquges.com/19/19417/
[2023-05-27 16:25:24] [INFO] 书名：邪神旌旗 作者：楚白(书坊) url:https://www.ibiquges.com/8/8425/
[2023-05-27 16:25:24] [INFO] 书名：从菜刀到邪神 作者：流浪月光 url:https://www.ibiquges.com/73/73788/
[2023-05-27 16:25:24] [INFO] 书名：诡异入侵：我在人间镇压邪神 作者：神级玩家 url:https://www.ibiquges.com/95/95806/
[2023-05-27 16:25:24] [INFO] 书名：败家神豪 作者：邪神洛基 url:https://www.ibiquges.com/14/14408/
[2023-05-27 16:25:24] [INFO] 书名：被献祭后我亵渎了邪神 作者：本宫微胖 url:https://www.ibiquges.com/87/87473/
[2023-05-27 16:25:24] [INFO] 书名：开局邪神人偶，我有的选吗 作者：流御行 url:https://www.ibiquges.com/85/85516/
[2023-05-27 16:25:24] [INFO] 书名：混在邪神聊天群的光 作者：一点罗汉 url:https://www.ibiquges.com/81/81507/
[2023-05-27 16:25:24] [INFO] 书名：对话邪神：开局成为天尊信徒 作者：月入寒渊 url:https://www.ibiquges.com/103/103748/
[2023-05-27 16:25:24] [INFO] 书名：邪神江湖 作者：阇璃皓 url:https://www.ibiquges.com/106/106703/
[2023-05-27 16:25:24] [INFO] 书名：我真不是旧日邪神 作者：零点一分 url:https://www.ibiquges.com/76/76330/
[2023-05-27 16:25:24] [INFO] 书名：网游之邪神逆天 作者：落叶仙 url:https://www.ibiquges.com/8/8354/
[2023-05-27 16:25:24] [INFO] 书名：不死邪神 作者：师傅 url:https://www.ibiquges.com/34/34693/
[2023-05-27 16:25:24] [INFO] 书名：不可名状的邪神 作者：虚无会首 url:https://www.ibiquges.com/51/51418/
[2023-05-27 16:25:24] [INFO] 书名：傲世邪神 作者：剑痴酒徒 url:https://www.ibiquges.com/61/61012/
[2023-05-27 16:25:24] [INFO] 书名：美漫里的小邪神 作者：千年杀1 url:https://www.ibiquges.com/30/30850/
[2023-05-27 16:25:24] [INFO] 书名：焚天邪神 作者：安七夜 url:https://www.ibiquges.com/12/12139/
[2023-05-27 16:25:24] [INFO] 书名：奥特曼：开局我变成邪神加坦杰厄 作者：少豆东茄机 url:https://www.ibiquges.com/77/77160/
[2023-05-27 16:25:24] [INFO] 书名：邪神帝尊 作者：胡儿不荼 url:https://www.ibiquges.com/74/74162/
[2023-05-27 16:25:24] [INFO] 书名：邪神 作者：跑盘 url:https://www.ibiquges.com/13/13355/
[2023-05-27 16:25:24] [INFO] 书名：我，东京邪神，克图格亚 作者：白影乌鸦 url:https://www.ibiquges.com/74/74283/
[2023-05-27 16:25:24] [INFO] 书名：我真不是邪神啊 作者：芥湖泊舟 url:https://www.ibiquges.com/74/74730/
[2023-05-27 16:25:24] [INFO] 书名：万界最强融合系统 作者：邪神.逆天 url:https://www.ibiquges.com/31/31012/
[2023-05-27 16:25:24] [INFO] 书名：都市之天眼邪神 作者：龙水源 url:https://www.ibiquges.com/98/98951/
[2023-05-27 16:25:24] [INFO] 书名：穿越逆天邪神：凤逆九霄 作者：浅月莺歌 url:https://www.ibiquges.com/65/65216/
[2023-05-27 16:25:24] [INFO] 书名：我的御兽真不是邪神 作者：晨色暮鸦 url:https://www.ibiquges.com/114/114638/
[2023-05-27 16:25:24] [INFO] 书名：逆天邪神假想番外 作者：不可无可不 url:https://www.ibiquges.com/64/64811/
[2023-05-27 16:25:24] [INFO] 书名：绝世大邪神 作者：琉璃明镜 url:https://www.ibiquges.com/5/5709/
[2023-05-27 16:25:24] [INFO] 书名：傲天邪神 作者：贪火燎原 url:https://www.ibiquges.com/3/3062/
[2023-05-27 16:25:24] [INFO] 书名：邪神狂兵 作者：沧海残阳 url:https://www.ibiquges.com/25/25358/
[2023-05-27 16:25:24] [INFO] 书名：天衍邪神 作者：一叶逢春 url:https://www.ibiquges.com/51/51565/
[2023-05-27 16:25:24] [INFO] 书名：漫威：我真的不是邪神啊！ 作者：Pray芙蕾雅 url:https://www.ibiquges.com/97/97037/
[2023-05-27 16:25:24] [INFO] 书名：霸天邪神 作者：量子弦 url:https://www.ibiquges.com/2/2284/
[2023-05-27 16:25:24] [INFO] 书名：邪神降临 作者：血夜独狼 url:https://www.ibiquges.com/13/13479/
[2023-05-27 16:25:24] [INFO] 书名：邪神之从心篇 作者：雨后的天青色 url:https://www.ibiquges.com/24/24791/
[2023-05-27 16:25:24] [INFO] 书名：原来是邪神大人 作者：散人云岚 url:https://www.ibiquges.com/66/66999/
[2023-05-27 16:25:24] [INFO] 书名：科技邪神 作者：东海猪妖 url:https://www.ibiquges.com/15/15482/
[2023-05-27 16:25:24] [INFO] 书名：我成了邪神的祭品 作者：暗夜拾荒 url:https://www.ibiquges.com/89/89488/
[2023-05-27 16:25:24] [INFO] 书名：万妖诛天当邪神 作者：师傅泡的茶 url:https://www.ibiquges.com/30/30575/
[2023-05-27 16:25:24] [INFO] 书名：极道天子记 作者：皓月邪神 url:https://www.ibiquges.com/12/12226/
[2023-05-27 16:25:24] [INFO] 书名：至尊邪神 作者：老黑. url:https://www.ibiquges.com/58/58215/
[2023-05-27 16:25:24] [INFO] 书名：网游之破天邪神 作者：天然的山石 url:https://www.ibiquges.com/55/55710/
[2023-05-27 16:25:24] [INFO] 书名：邪神末世录 作者：满怒斩杀 url:https://www.ibiquges.com/42/42959/
[2023-05-27 16:25:24] [INFO] 书名：邪神战剑 作者：北十三刀 url:https://www.ibiquges.com/1/1790/
[2023-05-27 16:25:24] [INFO] 书名：邪神，你家奶茶到了！ 作者：卟念. url:https://www.ibiquges.com/32/32697/
[2023-05-27 16:25:24] [INFO] 书名：斗罗：从暗魔邪神虎开始 作者：明朝七公子 url:https://www.ibiquges.com/112/112741/
[2023-05-27 16:25:24] [INFO] 书名：邪神酱的星期一 作者：百炼成殇 url:https://www.ibiquges.com/90/90666/
[2023-05-27 16:25:24] [INFO] 书名：邪神盛宠：逆天绝色七小姐 作者：夕憬 url:https://www.ibiquges.com/19/19265/
[2023-05-27 16:25:24] [INFO] 书名：最狂邪神 作者：白字 url:https://www.ibiquges.com/91/91624/
[2023-05-27 16:25:24] [INFO] 书名：末日邪神审判者 作者：一个平凡的枫子 url:https://www.ibiquges.com/101/101947/
[2023-05-27 16:25:24] [INFO] 书名：无始邪神 作者：旧时风云 url:https://www.ibiquges.com/24/24825/
[2023-05-27 16:25:24] [INFO] 书名：逆天邪神：至尊七小姐 作者：七少有鱼 url:https://www.ibiquges.com/53/53335/
[2023-05-27 16:25:24] [INFO] 书名：邪神的后宫才怪 作者：宅霸天下 url:https://www.ibiquges.com/12/12257/
[2023-05-27 16:25:24] [INFO] 书名：重生之九幽邪神 作者：东邪大大 url:https://www.ibiquges.com/32/32212/
[2023-05-27 16:25:24] [INFO] 书名：不想当邪神可以拒绝吗 作者：南国月三更 url:https://www.ibiquges.com/99/99148/
[2023-05-27 16:25:24] [INFO] 书名：恶灵神探 作者：火云邪神 url:https://www.ibiquges.com/21/21771/
[2023-05-27 16:25:24] [INFO] 书名：剑道第一邪神 作者：轩墨丹心 url:https://www.ibiquges.com/108/108267/
[2023-05-27 16:25:24] [INFO] 书名：冒牌邪神 作者：云海奔雷 url:https://www.ibiquges.com/105/105943/
[2023-05-27 16:25:24] [INFO] 书名：逆武邪神 作者：浪中仙 url:https://www.ibiquges.com/81/81609/
[2023-05-27 16:25:24] [INFO] 书名：成为邪神从贯彻正义开始 作者：欲穷无目 url:https://www.ibiquges.com/102/102702/
[2023-05-27 16:25:24] [INFO] 书名：陆家暗影异界邪神 作者：黄昏启明星 url:https://www.ibiquges.com/79/79619/
[2023-05-27 16:25:24] [INFO] 书名：超体邪神 作者：落青丹 url:https://www.ibiquges.com/82/82406/
[2023-05-27 16:25:24] [INFO] 书名：重生成为邪神的候选人 作者：云封土 url:https://www.ibiquges.com/81/81246/
[2023-05-27 16:25:24] [INFO] 书名：与人外邪神恋爱后 作者：殷桃桃子y url:https://www.ibiquges.com/115/115780/
[2023-05-27 16:25:24] [INFO] 书名：五行邪神 作者：最爱甜芒果 url:https://www.ibiquges.com/80/80317/
[2023-05-27 16:25:24] [INFO] 书名：邪神竟是我 作者：宁夜空 url:https://www.ibiquges.com/116/116198/
[2023-05-27 16:25:24] [INFO] 书名：误穿邪神见闻录 作者：暮居 url:https://www.ibiquges.com/92/92569/
[2023-05-27 16:25:24] [INFO] 书名：狂傲邪神天才妃 作者：天下青歌 url:https://www.ibiquges.com/113/113420/
[2023-05-27 16:25:49] [INFO] 书名：逆天邪神 作者：无敌贱客 url:https://www.ibiquges.com/41/41444/
[2023-05-27 16:25:49] [INFO] 书名：校园风流邪神 作者：陨落星辰 url:https://www.ibiquges.com/11/11602/
[2023-05-27 16:25:49] [INFO] 书名：绝世邪神 作者：纯情犀利哥 url:https://www.ibiquges.com/0/7/
[2023-05-27 16:25:49] [INFO] 书名：天才高手在都市 作者：冷云邪神 url:https://www.ibiquges.com/9/9124/
[2023-05-27 16:25:49] [INFO] 书名：邪神传说 作者：云天空 url:https://www.ibiquges.com/12/12410/
[2023-05-27 16:25:49] [INFO] 书名：逆天邪神 作者：火星引力 url:https://www.ibiquges.com/0/125/
[2023-05-27 16:25:49] [INFO] 书名：我被迫挖了邪神的墙角 作者：懒鸟 url:https://www.ibiquges.com/85/85551/
[2023-05-27 16:25:49] [INFO] 书名：穿越诸天当邪神 作者：钦定 url:https://www.ibiquges.com/15/15603/
[2023-05-27 16:25:49] [INFO] 书名：邪神竟是我自己！ 作者：吴杰超 url:https://www.ibiquges.com/99/99003/
[2023-05-27 16:25:49] [INFO] 书名：不死邪神 作者：风狂笑 url:https://www.ibiquges.com/36/36458/
[2023-05-27 16:25:49] [INFO] 书名：无限世界里的邪神 作者：云天星河 url:https://www.ibiquges.com/16/16218/
[2023-05-27 16:25:49] [INFO] 书名：至尊邪神 作者：老黑 url:https://www.ibiquges.com/4/4322/
[2023-05-27 16:25:49] [INFO] 书名：绝世邪神 作者：风狂笑 url:https://www.ibiquges.com/21/21475/
[2023-05-27 16:25:49] [INFO] 书名：重生成邪神雕像 作者：石竹卧青山 url:https://www.ibiquges.com/93/93860/
[2023-05-27 16:25:49] [INFO] 书名：请叫我邪神大人 作者：剑上独觉 url:https://www.ibiquges.com/14/14926/
[2023-05-27 16:25:49] [INFO] 书名：逆天邪神宫斗同人 作者：明幻神夜 url:https://www.ibiquges.com/58/58975/
[2023-05-27 16:25:49] [INFO] 书名：网游之禁区邪神 作者：一夜狂醉 url:https://www.ibiquges.com/19/19417/
[2023-05-27 16:25:49] [INFO] 书名：邪神旌旗 作者：楚白(书坊) url:https://www.ibiquges.com/8/8425/
[2023-05-27 16:25:49] [INFO] 书名：从菜刀到邪神 作者：流浪月光 url:https://www.ibiquges.com/73/73788/
[2023-05-27 16:25:49] [INFO] 书名：诡异入侵：我在人间镇压邪神 作者：神级玩家 url:https://www.ibiquges.com/95/95806/
[2023-05-27 16:25:49] [INFO] 书名：败家神豪 作者：邪神洛基 url:https://www.ibiquges.com/14/14408/
[2023-05-27 16:25:49] [INFO] 书名：被献祭后我亵渎了邪神 作者：本宫微胖 url:https://www.ibiquges.com/87/87473/
[2023-05-27 16:25:49] [INFO] 书名：开局邪神人偶，我有的选吗 作者：流御行 url:https://www.ibiquges.com/85/85516/
[2023-05-27 16:25:49] [INFO] 书名：混在邪神聊天群的光 作者：一点罗汉 url:https://www.ibiquges.com/81/81507/
[2023-05-27 16:25:49] [INFO] 书名：对话邪神：开局成为天尊信徒 作者：月入寒渊 url:https://www.ibiquges.com/103/103748/
[2023-05-27 16:25:49] [INFO] 书名：邪神江湖 作者：阇璃皓 url:https://www.ibiquges.com/106/106703/
[2023-05-27 16:25:49] [INFO] 书名：我真不是旧日邪神 作者：零点一分 url:https://www.ibiquges.com/76/76330/
[2023-05-27 16:25:49] [INFO] 书名：网游之邪神逆天 作者：落叶仙 url:https://www.ibiquges.com/8/8354/
[2023-05-27 16:25:49] [INFO] 书名：不死邪神 作者：师傅 url:https://www.ibiquges.com/34/34693/
[2023-05-27 16:25:49] [INFO] 书名：不可名状的邪神 作者：虚无会首 url:https://www.ibiquges.com/51/51418/
[2023-05-27 16:25:49] [INFO] 书名：傲世邪神 作者：剑痴酒徒 url:https://www.ibiquges.com/61/61012/
[2023-05-27 16:25:49] [INFO] 书名：美漫里的小邪神 作者：千年杀1 url:https://www.ibiquges.com/30/30850/
[2023-05-27 16:25:49] [INFO] 书名：焚天邪神 作者：安七夜 url:https://www.ibiquges.com/12/12139/
[2023-05-27 16:25:49] [INFO] 书名：奥特曼：开局我变成邪神加坦杰厄 作者：少豆东茄机 url:https://www.ibiquges.com/77/77160/
[2023-05-27 16:25:49] [INFO] 书名：邪神帝尊 作者：胡儿不荼 url:https://www.ibiquges.com/74/74162/
[2023-05-27 16:25:49] [INFO] 书名：邪神 作者：跑盘 url:https://www.ibiquges.com/13/13355/
[2023-05-27 16:25:49] [INFO] 书名：我，东京邪神，克图格亚 作者：白影乌鸦 url:https://www.ibiquges.com/74/74283/
[2023-05-27 16:25:49] [INFO] 书名：我真不是邪神啊 作者：芥湖泊舟 url:https://www.ibiquges.com/74/74730/
[2023-05-27 16:25:49] [INFO] 书名：万界最强融合系统 作者：邪神.逆天 url:https://www.ibiquges.com/31/31012/
[2023-05-27 16:25:49] [INFO] 书名：都市之天眼邪神 作者：龙水源 url:https://www.ibiquges.com/98/98951/
[2023-05-27 16:25:49] [INFO] 书名：穿越逆天邪神：凤逆九霄 作者：浅月莺歌 url:https://www.ibiquges.com/65/65216/
[2023-05-27 16:25:49] [INFO] 书名：我的御兽真不是邪神 作者：晨色暮鸦 url:https://www.ibiquges.com/114/114638/
[2023-05-27 16:25:49] [INFO] 书名：逆天邪神假想番外 作者：不可无可不 url:https://www.ibiquges.com/64/64811/
[2023-05-27 16:25:49] [INFO] 书名：绝世大邪神 作者：琉璃明镜 url:https://www.ibiquges.com/5/5709/
[2023-05-27 16:25:49] [INFO] 书名：傲天邪神 作者：贪火燎原 url:https://www.ibiquges.com/3/3062/
[2023-05-27 16:25:49] [INFO] 书名：邪神狂兵 作者：沧海残阳 url:https://www.ibiquges.com/25/25358/
[2023-05-27 16:25:49] [INFO] 书名：天衍邪神 作者：一叶逢春 url:https://www.ibiquges.com/51/51565/
[2023-05-27 16:25:49] [INFO] 书名：漫威：我真的不是邪神啊！ 作者：Pray芙蕾雅 url:https://www.ibiquges.com/97/97037/
[2023-05-27 16:25:49] [INFO] 书名：霸天邪神 作者：量子弦 url:https://www.ibiquges.com/2/2284/
[2023-05-27 16:25:49] [INFO] 书名：邪神降临 作者：血夜独狼 url:https://www.ibiquges.com/13/13479/
[2023-05-27 16:25:49] [INFO] 书名：邪神之从心篇 作者：雨后的天青色 url:https://www.ibiquges.com/24/24791/
[2023-05-27 16:25:49] [INFO] 书名：原来是邪神大人 作者：散人云岚 url:https://www.ibiquges.com/66/66999/
[2023-05-27 16:25:49] [INFO] 书名：科技邪神 作者：东海猪妖 url:https://www.ibiquges.com/15/15482/
[2023-05-27 16:25:49] [INFO] 书名：我成了邪神的祭品 作者：暗夜拾荒 url:https://www.ibiquges.com/89/89488/
[2023-05-27 16:25:49] [INFO] 书名：万妖诛天当邪神 作者：师傅泡的茶 url:https://www.ibiquges.com/30/30575/
[2023-05-27 16:25:49] [INFO] 书名：极道天子记 作者：皓月邪神 url:https://www.ibiquges.com/12/12226/
[2023-05-27 16:25:49] [INFO] 书名：至尊邪神 作者：老黑. url:https://www.ibiquges.com/58/58215/
[2023-05-27 16:25:49] [INFO] 书名：网游之破天邪神 作者：天然的山石 url:https://www.ibiquges.com/55/55710/
[2023-05-27 16:25:49] [INFO] 书名：邪神末世录 作者：满怒斩杀 url:https://www.ibiquges.com/42/42959/
[2023-05-27 16:25:49] [INFO] 书名：邪神战剑 作者：北十三刀 url:https://www.ibiquges.com/1/1790/
[2023-05-27 16:25:49] [INFO] 书名：邪神，你家奶茶到了！ 作者：卟念. url:https://www.ibiquges.com/32/32697/
[2023-05-27 16:25:49] [INFO] 书名：斗罗：从暗魔邪神虎开始 作者：明朝七公子 url:https://www.ibiquges.com/112/112741/
[2023-05-27 16:25:49] [INFO] 书名：邪神酱的星期一 作者：百炼成殇 url:https://www.ibiquges.com/90/90666/
[2023-05-27 16:25:49] [INFO] 书名：邪神盛宠：逆天绝色七小姐 作者：夕憬 url:https://www.ibiquges.com/19/19265/
[2023-05-27 16:25:49] [INFO] 书名：最狂邪神 作者：白字 url:https://www.ibiquges.com/91/91624/
[2023-05-27 16:25:49] [INFO] 书名：末日邪神审判者 作者：一个平凡的枫子 url:https://www.ibiquges.com/101/101947/
[2023-05-27 16:25:49] [INFO] 书名：无始邪神 作者：旧时风云 url:https://www.ibiquges.com/24/24825/
[2023-05-27 16:25:49] [INFO] 书名：逆天邪神：至尊七小姐 作者：七少有鱼 url:https://www.ibiquges.com/53/53335/
[2023-05-27 16:25:49] [INFO] 书名：邪神的后宫才怪 作者：宅霸天下 url:https://www.ibiquges.com/12/12257/
[2023-05-27 16:25:49] [INFO] 书名：重生之九幽邪神 作者：东邪大大 url:https://www.ibiquges.com/32/32212/
[2023-05-27 16:25:49] [INFO] 书名：不想当邪神可以拒绝吗 作者：南国月三更 url:https://www.ibiquges.com/99/99148/
[2023-05-27 16:25:49] [INFO] 书名：恶灵神探 作者：火云邪神 url:https://www.ibiquges.com/21/21771/
[2023-05-27 16:25:49] [INFO] 书名：剑道第一邪神 作者：轩墨丹心 url:https://www.ibiquges.com/108/108267/
[2023-05-27 16:25:49] [INFO] 书名：冒牌邪神 作者：云海奔雷 url:https://www.ibiquges.com/105/105943/
[2023-05-27 16:25:49] [INFO] 书名：逆武邪神 作者：浪中仙 url:https://www.ibiquges.com/81/81609/
[2023-05-27 16:25:49] [INFO] 书名：成为邪神从贯彻正义开始 作者：欲穷无目 url:https://www.ibiquges.com/102/102702/
[2023-05-27 16:25:49] [INFO] 书名：陆家暗影异界邪神 作者：黄昏启明星 url:https://www.ibiquges.com/79/79619/
[2023-05-27 16:25:49] [INFO] 书名：超体邪神 作者：落青丹 url:https://www.ibiquges.com/82/82406/
[2023-05-27 16:25:49] [INFO] 书名：重生成为邪神的候选人 作者：云封土 url:https://www.ibiquges.com/81/81246/
[2023-05-27 16:25:49] [INFO] 书名：与人外邪神恋爱后 作者：殷桃桃子y url:https://www.ibiquges.com/115/115780/
[2023-05-27 16:25:49] [INFO] 书名：五行邪神 作者：最爱甜芒果 url:https://www.ibiquges.com/80/80317/
[2023-05-27 16:25:49] [INFO] 书名：邪神竟是我 作者：宁夜空 url:https://www.ibiquges.com/116/116198/
[2023-05-27 16:25:49] [INFO] 书名：误穿邪神见闻录 作者：暮居 url:https://www.ibiquges.com/92/92569/
[2023-05-27 16:25:49] [INFO] 书名：狂傲邪神天才妃 作者：天下青歌 url:https://www.ibiquges.com/113/113420/
[2023-05-27 16:25:53] [INFO] 书名：逆天邪神 作者：无敌贱客 url:https://www.ibiquges.com/41/41444/
[2023-05-27 16:25:53] [INFO] 书名：校园风流邪神 作者：陨落星辰 url:https://www.ibiquges.com/11/11602/
[2023-05-27 16:25:53] [INFO] 书名：绝世邪神 作者：纯情犀利哥 url:https://www.ibiquges.com/0/7/
[2023-05-27 16:25:53] [INFO] 书名：天才高手在都市 作者：冷云邪神 url:https://www.ibiquges.com/9/9124/
[2023-05-27 16:25:53] [INFO] 书名：邪神传说 作者：云天空 url:https://www.ibiquges.com/12/12410/
[2023-05-27 16:25:53] [INFO] 书名：逆天邪神 作者：火星引力 url:https://www.ibiquges.com/0/125/
[2023-05-27 16:25:53] [INFO] 书名：我被迫挖了邪神的墙角 作者：懒鸟 url:https://www.ibiquges.com/85/85551/
[2023-05-27 16:25:53] [INFO] 书名：穿越诸天当邪神 作者：钦定 url:https://www.ibiquges.com/15/15603/
[2023-05-27 16:25:53] [INFO] 书名：邪神竟是我自己！ 作者：吴杰超 url:https://www.ibiquges.com/99/99003/
[2023-05-27 16:25:53] [INFO] 书名：不死邪神 作者：风狂笑 url:https://www.ibiquges.com/36/36458/
[2023-05-27 16:25:53] [INFO] 书名：无限世界里的邪神 作者：云天星河 url:https://www.ibiquges.com/16/16218/
[2023-05-27 16:25:53] [INFO] 书名：至尊邪神 作者：老黑 url:https://www.ibiquges.com/4/4322/
[2023-05-27 16:25:53] [INFO] 书名：绝世邪神 作者：风狂笑 url:https://www.ibiquges.com/21/21475/
[2023-05-27 16:25:53] [INFO] 书名：重生成邪神雕像 作者：石竹卧青山 url:https://www.ibiquges.com/93/93860/
[2023-05-27 16:25:53] [INFO] 书名：请叫我邪神大人 作者：剑上独觉 url:https://www.ibiquges.com/14/14926/
[2023-05-27 16:25:53] [INFO] 书名：逆天邪神宫斗同人 作者：明幻神夜 url:https://www.ibiquges.com/58/58975/
[2023-05-27 16:25:53] [INFO] 书名：网游之禁区邪神 作者：一夜狂醉 url:https://www.ibiquges.com/19/19417/
[2023-05-27 16:25:53] [INFO] 书名：邪神旌旗 作者：楚白(书坊) url:https://www.ibiquges.com/8/8425/
[2023-05-27 16:25:53] [INFO] 书名：从菜刀到邪神 作者：流浪月光 url:https://www.ibiquges.com/73/73788/
[2023-05-27 16:25:53] [INFO] 书名：诡异入侵：我在人间镇压邪神 作者：神级玩家 url:https://www.ibiquges.com/95/95806/
[2023-05-27 16:25:53] [INFO] 书名：败家神豪 作者：邪神洛基 url:https://www.ibiquges.com/14/14408/
[2023-05-27 16:25:53] [INFO] 书名：被献祭后我亵渎了邪神 作者：本宫微胖 url:https://www.ibiquges.com/87/87473/
[2023-05-27 16:25:53] [INFO] 书名：开局邪神人偶，我有的选吗 作者：流御行 url:https://www.ibiquges.com/85/85516/
[2023-05-27 16:25:53] [INFO] 书名：混在邪神聊天群的光 作者：一点罗汉 url:https://www.ibiquges.com/81/81507/
[2023-05-27 16:25:53] [INFO] 书名：对话邪神：开局成为天尊信徒 作者：月入寒渊 url:https://www.ibiquges.com/103/103748/
[2023-05-27 16:25:53] [INFO] 书名：邪神江湖 作者：阇璃皓 url:https://www.ibiquges.com/106/106703/
[2023-05-27 16:25:53] [INFO] 书名：我真不是旧日邪神 作者：零点一分 url:https://www.ibiquges.com/76/76330/
[2023-05-27 16:25:53] [INFO] 书名：网游之邪神逆天 作者：落叶仙 url:https://www.ibiquges.com/8/8354/
[2023-05-27 16:25:53] [INFO] 书名：不死邪神 作者：师傅 url:https://www.ibiquges.com/34/34693/
[2023-05-27 16:25:53] [INFO] 书名：不可名状的邪神 作者：虚无会首 url:https://www.ibiquges.com/51/51418/
[2023-05-27 16:25:53] [INFO] 书名：傲世邪神 作者：剑痴酒徒 url:https://www.ibiquges.com/61/61012/
[2023-05-27 16:25:53] [INFO] 书名：美漫里的小邪神 作者：千年杀1 url:https://www.ibiquges.com/30/30850/
[2023-05-27 16:25:53] [INFO] 书名：焚天邪神 作者：安七夜 url:https://www.ibiquges.com/12/12139/
[2023-05-27 16:25:53] [INFO] 书名：奥特曼：开局我变成邪神加坦杰厄 作者：少豆东茄机 url:https://www.ibiquges.com/77/77160/
[2023-05-27 16:25:53] [INFO] 书名：邪神帝尊 作者：胡儿不荼 url:https://www.ibiquges.com/74/74162/
[2023-05-27 16:25:53] [INFO] 书名：邪神 作者：跑盘 url:https://www.ibiquges.com/13/13355/
[2023-05-27 16:25:53] [INFO] 书名：我，东京邪神，克图格亚 作者：白影乌鸦 url:https://www.ibiquges.com/74/74283/
[2023-05-27 16:25:53] [INFO] 书名：我真不是邪神啊 作者：芥湖泊舟 url:https://www.ibiquges.com/74/74730/
[2023-05-27 16:25:53] [INFO] 书名：万界最强融合系统 作者：邪神.逆天 url:https://www.ibiquges.com/31/31012/
[2023-05-27 16:25:53] [INFO] 书名：都市之天眼邪神 作者：龙水源 url:https://www.ibiquges.com/98/98951/
[2023-05-27 16:25:53] [INFO] 书名：穿越逆天邪神：凤逆九霄 作者：浅月莺歌 url:https://www.ibiquges.com/65/65216/
[2023-05-27 16:25:53] [INFO] 书名：我的御兽真不是邪神 作者：晨色暮鸦 url:https://www.ibiquges.com/114/114638/
[2023-05-27 16:25:53] [INFO] 书名：逆天邪神假想番外 作者：不可无可不 url:https://www.ibiquges.com/64/64811/
[2023-05-27 16:25:53] [INFO] 书名：绝世大邪神 作者：琉璃明镜 url:https://www.ibiquges.com/5/5709/
[2023-05-27 16:25:53] [INFO] 书名：傲天邪神 作者：贪火燎原 url:https://www.ibiquges.com/3/3062/
[2023-05-27 16:25:53] [INFO] 书名：邪神狂兵 作者：沧海残阳 url:https://www.ibiquges.com/25/25358/
[2023-05-27 16:25:53] [INFO] 书名：天衍邪神 作者：一叶逢春 url:https://www.ibiquges.com/51/51565/
[2023-05-27 16:25:53] [INFO] 书名：漫威：我真的不是邪神啊！ 作者：Pray芙蕾雅 url:https://www.ibiquges.com/97/97037/
[2023-05-27 16:25:53] [INFO] 书名：霸天邪神 作者：量子弦 url:https://www.ibiquges.com/2/2284/
[2023-05-27 16:25:53] [INFO] 书名：邪神降临 作者：血夜独狼 url:https://www.ibiquges.com/13/13479/
[2023-05-27 16:25:53] [INFO] 书名：邪神之从心篇 作者：雨后的天青色 url:https://www.ibiquges.com/24/24791/
[2023-05-27 16:25:53] [INFO] 书名：原来是邪神大人 作者：散人云岚 url:https://www.ibiquges.com/66/66999/
[2023-05-27 16:25:53] [INFO] 书名：科技邪神 作者：东海猪妖 url:https://www.ibiquges.com/15/15482/
[2023-05-27 16:25:53] [INFO] 书名：我成了邪神的祭品 作者：暗夜拾荒 url:https://www.ibiquges.com/89/89488/
[2023-05-27 16:25:53] [INFO] 书名：万妖诛天当邪神 作者：师傅泡的茶 url:https://www.ibiquges.com/30/30575/
[2023-05-27 16:25:53] [INFO] 书名：极道天子记 作者：皓月邪神 url:https://www.ibiquges.com/12/12226/
[2023-05-27 16:25:53] [INFO] 书名：至尊邪神 作者：老黑. url:https://www.ibiquges.com/58/58215/
[2023-05-27 16:25:53] [INFO] 书名：网游之破天邪神 作者：天然的山石 url:https://www.ibiquges.com/55/55710/
[2023-05-27 16:25:53] [INFO] 书名：邪神末世录 作者：满怒斩杀 url:https://www.ibiquges.com/42/42959/
[2023-05-27 16:25:53] [INFO] 书名：邪神战剑 作者：北十三刀 url:https://www.ibiquges.com/1/1790/
[2023-05-27 16:25:53] [INFO] 书名：邪神，你家奶茶到了！ 作者：卟念. url:https://www.ibiquges.com/32/32697/
[2023-05-27 16:25:53] [INFO] 书名：斗罗：从暗魔邪神虎开始 作者：明朝七公子 url:https://www.ibiquges.com/112/112741/
[2023-05-27 16:25:53] [INFO] 书名：邪神酱的星期一 作者：百炼成殇 url:https://www.ibiquges.com/90/90666/
[2023-05-27 16:25:53] [INFO] 书名：邪神盛宠：逆天绝色七小姐 作者：夕憬 url:https://www.ibiquges.com/19/19265/
[2023-05-27 16:25:53] [INFO] 书名：最狂邪神 作者：白字 url:https://www.ibiquges.com/91/91624/
[2023-05-27 16:25:53] [INFO] 书名：末日邪神审判者 作者：一个平凡的枫子 url:https://www.ibiquges.com/101/101947/
[2023-05-27 16:25:53] [INFO] 书名：无始邪神 作者：旧时风云 url:https://www.ibiquges.com/24/24825/
[2023-05-27 16:25:53] [INFO] 书名：逆天邪神：至尊七小姐 作者：七少有鱼 url:https://www.ibiquges.com/53/53335/
[2023-05-27 16:25:53] [INFO] 书名：邪神的后宫才怪 作者：宅霸天下 url:https://www.ibiquges.com/12/12257/
[2023-05-27 16:25:53] [INFO] 书名：重生之九幽邪神 作者：东邪大大 url:https://www.ibiquges.com/32/32212/
[2023-05-27 16:25:53] [INFO] 书名：不想当邪神可以拒绝吗 作者：南国月三更 url:https://www.ibiquges.com/99/99148/
[2023-05-27 16:25:53] [INFO] 书名：恶灵神探 作者：火云邪神 url:https://www.ibiquges.com/21/21771/
[2023-05-27 16:25:53] [INFO] 书名：剑道第一邪神 作者：轩墨丹心 url:https://www.ibiquges.com/108/108267/
[2023-05-27 16:25:53] [INFO] 书名：冒牌邪神 作者：云海奔雷 url:https://www.ibiquges.com/105/105943/
[2023-05-27 16:25:53] [INFO] 书名：逆武邪神 作者：浪中仙 url:https://www.ibiquges.com/81/81609/
[2023-05-27 16:25:53] [INFO] 书名：成为邪神从贯彻正义开始 作者：欲穷无目 url:https://www.ibiquges.com/102/102702/
[2023-05-27 16:25:53] [INFO] 书名：陆家暗影异界邪神 作者：黄昏启明星 url:https://www.ibiquges.com/79/79619/
[2023-05-27 16:25:53] [INFO] 书名：超体邪神 作者：落青丹 url:https://www.ibiquges.com/82/82406/
[2023-05-27 16:25:53] [INFO] 书名：重生成为邪神的候选人 作者：云封土 url:https://www.ibiquges.com/81/81246/
[2023-05-27 16:25:53] [INFO] 书名：与人外邪神恋爱后 作者：殷桃桃子y url:https://www.ibiquges.com/115/115780/
[2023-05-27 16:25:53] [INFO] 书名：五行邪神 作者：最爱甜芒果 url:https://www.ibiquges.com/80/80317/
[2023-05-27 16:25:53] [INFO] 书名：邪神竟是我 作者：宁夜空 url:https://www.ibiquges.com/116/116198/
[2023-05-27 16:25:53] [INFO] 书名：误穿邪神见闻录 作者：暮居 url:https://www.ibiquges.com/92/92569/
[2023-05-27 16:25:53] [INFO] 书名：狂傲邪神天才妃 作者：天下青歌 url:https://www.ibiquges.com/113/113420/
